Initial Win CP for (console input, console output, system): (CP437, CP437, CP1252)
I changed them all to CP1252
Rc files read (in order):
  NONE
Latexmk: This is Latexmk, John Collins, 9 March 2026. Version 4.88.
No existing .aux file, so I'll make a simple one, and require run of *latex.
Latexmk: applying rule 'bibtex Thesis'...
Rule 'bibtex Thesis':  Reasons for rerun
Changed files or newly in use/created:
  Thesis.aux

------------
Run number 1 of rule 'bibtex Thesis'
------------
------------
Running 'bibtex  "Thesis.aux"'
------------
This is BibTeX, Version 0.99e (TeX Live 2026)
The top-level auxiliary file: Thesis.aux
I found no \citation commands---while reading file Thesis.aux
I found no \bibdata command---while reading file Thesis.aux
I found no \bibstyle command---while reading file Thesis.aux
(There were 3 error messages)
Latexmk: applying rule 'pdflatex'...
Rule 'pdflatex':  Reasons for rerun
Category 'other':
  Rerun of 'pdflatex' forced or previously required:
    Reason or flag: 'Initial setup'

------------
Run number 1 of rule 'pdflatex'
------------
------------
Running 'pdflatex  -synctex=1 -interaction=nonstopmode -file-line-error -recorder  "c:/Users/perrydebussy/Project/Study/masterarbeit/LATEX/Masterarbeit/Thesis.tex"'
------------
This is pdfTeX, Version 3.141592653-2.6-1.40.29 (TeX Live 2026) (preloaded format=pdflatex)
 restricted \write18 enabled.
entering extended mode
(c:/Users/perrydebussy/Project/Study/masterarbeit/LATEX/Masterarbeit/Thesis.tex
LaTeX2e <2025-11-01>
L3 programming layer <2026-01-19>
(c:/texlive/2026/texmf-dist/tex/latex/base/report.cls
Document Class: report 2025/01/22 v1.4n Standard LaTeX document class
(c:/texlive/2026/texmf-dist/tex/latex/base/size12.clo)) (c:/texlive/2026/texmf-dist/tex/latex/base/inputenc.sty) (c:/texlive/2026/texmf-dist/tex/generic/babel/babel.sty (c:/texlive/2026/texmf-dist/tex/generic/babel/txtbabel.def) (c:/texlive/2026/texmf-dist/tex/generic/babel/locale/en/babel-english.tex) (c:/texlive/2026/texmf-dist/tex/generic/babel-english/english.ldf)) (c:/texlive/2026/texmf-dist/tex/latex/caption/caption.sty (c:/texlive/2026/texmf-dist/tex/latex/caption/caption3.sty (c:/texlive/2026/texmf-dist/tex/latex/graphics/keyval.sty))) (c:/texlive/2026/texmf-dist/tex/latex/wrapfig/wrapfig.sty) (c:/texlive/2026/texmf-dist/tex/latex/listings/listings.sty (c:/texlive/2026/texmf-dist/tex/latex/listings/lstpatch.sty) (c:/texlive/2026/texmf-dist/tex/latex/listings/lstmisc.sty) (c:/texlive/2026/texmf-dist/tex/latex/listings/listings.cfg))
==> First Aid for listings.sty no longer applied!
    Expected:
        2024/09/23 1.10c (Carsten Heinz)
    but found:
        2025/11/14 1.11b (Carsten Heinz)
    so I'm assuming it got fixed.
(c:/texlive/2026/texmf-dist/tex/latex/gensymb/gensymb.sty) (c:/texlive/2026/texmf-dist/tex/latex/makecell/makecell.sty (c:/texlive/2026/texmf-dist/tex/latex/tools/array.sty)) (c:/texlive/2026/texmf-dist/tex/latex/acronym/acronym.sty (c:/texlive/2026/texmf-dist/tex/latex/bigfoot/suffix.sty) (c:/texlive/2026/texmf-dist/tex/generic/xstring/xstring.sty (c:/texlive/2026/texmf-dist/tex/generic/xstring/xstring.tex))) (c:/texlive/2026/texmf-dist/tex/latex/algorithms/algorithm.sty (c:/texlive/2026/texmf-dist/tex/latex/float/float.sty) (c:/texlive/2026/texmf-dist/tex/latex/base/ifthen.sty)) (c:/texlive/2026/texmf-dist/tex/latex/algorithmicx/algcompatible.sty (c:/texlive/2026/texmf-dist/tex/latex/algorithmicx/algorithmicx.sty
Document Style algorithmicx 1.2 - a greatly improved `algorithmic' style
)
Document Style - algorithmic compatible environments for the `algorithmicx' style
) (c:/texlive/2026/texmf-dist/tex/latex/algorithmicx/algpseudocode.sty
Document Style - pseudocode environments for use with the `algorithmicx' style
) (c:/texlive/2026/texmf-dist/tex/latex/amsfonts/amsfonts.sty) (c:/texlive/2026/texmf-dist/tex/latex/amsmath/amsmath.sty
For additional information on amsmath, use the `?' option.
(c:/texlive/2026/texmf-dist/tex/latex/amsmath/amstext.sty (c:/texlive/2026/texmf-dist/tex/latex/amsmath/amsgen.sty)) (c:/texlive/2026/texmf-dist/tex/latex/amsmath/amsbsy.sty) (c:/texlive/2026/texmf-dist/tex/latex/amsmath/amsopn.sty)) (c:/texlive/2026/texmf-dist/tex/latex/amsfonts/amssymb.sty) (c:/texlive/2026/texmf-dist/tex/latex/amscls/amsthm.sty) (c:/texlive/2026/texmf-dist/tex/latex/tabularray/tabularray.sty) (c:/texlive/2026/texmf-dist/tex/latex/booktabs/booktabs.sty) (c:/texlive/2026/texmf-dist/tex/latex/graphics/color.sty (c:/texlive/2026/texmf-dist/tex/latex/graphics-cfg/color.cfg) (c:/texlive/2026/texmf-dist/tex/latex/graphics-def/pdftex.def) (c:/texlive/2026/texmf-dist/tex/latex/graphics/mathcolor.ltx)) (c:/texlive/2026/texmf-dist/tex/latex/fancybox/fancybox.sty
Style option: `fancybox' v1.4 <2010/05/15> (tvz)
) (c:/texlive/2026/texmf-dist/tex/latex/fancyhdr/fancyhdr.sty) (c:/texlive/2026/texmf-dist/tex/latex/geometry/geometry.sty (c:/texlive/2026/texmf-dist/tex/generic/iftex/ifvtex.sty (c:/texlive/2026/texmf-dist/tex/generic/iftex/iftex.sty))) (c:/texlive/2026/texmf-dist/tex/latex/graphics/graphicx.sty (c:/texlive/2026/texmf-dist/tex/latex/graphics/graphics.sty (c:/texlive/2026/texmf-dist/tex/latex/graphics/trig.sty) (c:/texlive/2026/texmf-dist/tex/latex/graphics-cfg/graphics.cfg))) (c:/texlive/2026/texmf-dist/tex/latex/tools/longtable.sty) (c:/texlive/2026/texmf-dist/tex/latex/xcolor/xcolor.sty (c:/texlive/2026/texmf-dist/tex/latex/graphics-cfg/color.cfg) (c:/texlive/2026/texmf-dist/tex/latex/graphics/mathcolor.ltx)) (c:/texlive/2026/texmf-dist/tex/latex/ninecolors/ninecolors.sty (c:/texlive/2026/texmf-dist/tex/latex/l3packages/xparse/xparse.sty (c:/texlive/2026/texmf-dist/tex/latex/l3kernel/expl3.sty (c:/texlive/2026/texmf-dist/tex/latex/l3backend/l3backend-pdftex.def)))) (c:/texlive/2026/texmf-dist/tex/latex/tools/multicol.sty) (c:/texlive/2026/texmf-dist/tex/latex/multirow/multirow.sty) (c:/texlive/2026/texmf-dist/tex/latex/graphics/rotating.sty) (c:/texlive/2026/texmf-dist/tex/latex/subfig/subfig.sty

c:/texlive/2026/texmf-dist/tex/latex/subfig/subfig.sty:297: Package caption Error: hang undefined.

See the caption package documentation for explanation.
Type  H <return>  for immediate help.
 ...                                              
                                                  
l.297 \ProcessPackageOptions
                            
) (c:/texlive/2026/texmf-dist/tex/latex/url/url.sty) (c:/texlive/2026/texmf-dist/tex/latex/tools/xspace.sty) (c:/texlive/2026/texmf-dist/tex/latex/boxedminipage/boxedminipage.sty) (c:/texlive/2026/texmf-dist/tex/latex/hyperref/hyperref.sty (c:/texlive/2026/texmf-dist/tex/latex/kvsetkeys/kvsetkeys.sty) (c:/texlive/2026/texmf-dist/tex/generic/kvdefinekeys/kvdefinekeys.sty) (c:/texlive/2026/texmf-dist/tex/generic/pdfescape/pdfescape.sty (c:/texlive/2026/texmf-dist/tex/generic/ltxcmds/ltxcmds.sty) (c:/texlive/2026/texmf-dist/tex/generic/pdftexcmds/pdftexcmds.sty (c:/texlive/2026/texmf-dist/tex/generic/infwarerr/infwarerr.sty))) (c:/texlive/2026/texmf-dist/tex/latex/hycolor/hycolor.sty) (c:/texlive/2026/texmf-dist/tex/latex/hyperref/nameref.sty (c:/texlive/2026/texmf-dist/tex/latex/refcount/refcount.sty) (c:/texlive/2026/texmf-dist/tex/generic/gettitlestring/gettitlestring.sty (c:/texlive/2026/texmf-dist/tex/latex/kvoptions/kvoptions.sty))) (c:/texlive/2026/texmf-dist/tex/latex/etoolbox/etoolbox.sty) (c:/texlive/2026/texmf-dist/tex/generic/stringenc/stringenc.sty) (c:/texlive/2026/texmf-dist/tex/latex/hyperref/pd1enc.def) (c:/texlive/2026/texmf-dist/tex/generic/intcalc/intcalc.sty) (c:/texlive/2026/texmf-dist/tex/latex/hyperref/puenc.def) (c:/texlive/2026/texmf-dist/tex/generic/bitset/bitset.sty (c:/texlive/2026/texmf-dist/tex/generic/bigintcalc/bigintcalc.sty))) (c:/texlive/2026/texmf-dist/tex/latex/hyperref/hpdftex.def (c:/texlive/2026/texmf-dist/tex/latex/rerunfilecheck/rerunfilecheck.sty (c:/texlive/2026/texmf-dist/tex/generic/uniquecounter/uniquecounter.sty))) (./Thesis.aux) (c:/texlive/2026/texmf-dist/tex/latex/caption/ltcaption.sty)

Package gensymb Warning: Not defining \perthousand.


Package gensymb Warning: Not defining \micro.

(c:/texlive/2026/texmf-dist/tex/context/base/mkii/supp-pdf.mkii
[Loading MPS to PDF converter (version 2006.09.02).]
) (c:/texlive/2026/texmf-dist/tex/latex/epstopdf-pkg/epstopdf-base.sty (c:/texlive/2026/texmf-dist/tex/latex/latexconfig/epstopdf-sys.cfg))
*geometry* driver: auto-detecting
*geometry* detected driver: pdftex
(c:/texlive/2026/texmf-dist/tex/latex/amsfonts/umsa.fd) (c:/texlive/2026/texmf-dist/tex/latex/amsfonts/umsb.fd) [1{c:/texlive/2026/texmf-var/fonts/map/pdftex/updmap/pdftex.map} <./src/uhhLogoL.pdf>]
Underfull \hbox (badness 10000) in paragraph at lines 287--288


Underfull \hbox (badness 10000) in paragraph at lines 295--296

[2]
No file Thesis.toc.
(./ChapterContent.tex [1]
Chapter 1.
(./master_thesis_content/introduction/introduction.tex

LaTeX Warning: Citation `hewson2010objective' on page 2 undefined on input line 1.


LaTeX Warning: Citation `hengstebeck2018radar' on page 2 undefined on input line 1.


LaTeX Warning: Citation `dawe2012statistical' on page 2 undefined on input line 1.


LaTeX Warning: Citation `lawrence2018characterizing' on page 2 undefined on input line 1.


LaTeX Warning: Citation `rautenhaus2017visualization' on page 2 undefined on input line 1.


LaTeX Warning: Citation `beckert2023three' on page 2 undefined on input line 1.


LaTeX Warning: Citation `neu2013imilast' on page 2 undefined on input line 1.


LaTeX Warning: Citation `bourdin2022intercomparison' on page 2 undefined on input line 1.


LaTeX Warning: Citation `guan2015detection' on page 2 undefined on input line 1.


LaTeX Warning: Citation `shields2018atmospheric' on page 2 undefined on input line 1.


LaTeX Warning: Citation `boukabara2021outlook' on page 2 undefined on input line 3.


LaTeX Warning: Citation `higgins2023using' on page 2 undefined on input line 3.


Package hyperref Warning: Difference (2) between bookmark levels is greater 
(hyperref)                than one, level fixed on input line 5.

[2{c:/texlive/2026/texmf-dist/fonts/enc/dvips/cm-super/cm-super-ts1.enc}]
Overfull \hbox (10.78603pt too wide) in paragraph at lines 12--13
[]\OT1/cmr/m/n/12 Autonomous Prompt Gen-er-a-tion: SAM's re-liance on man-ual ge-o-met-ric prompts
) [3]
Chapter 2.
(./master_thesis_content/background/background_relatedwork.tex

LaTeX Warning: Citation `bourdin2022intercomparison' on page 4 undefined on input line 3.


LaTeX Warning: Citation `neu2013imilast' on page 4 undefined on input line 3.


LaTeX Warning: Citation `beckert2023three' on page 4 undefined on input line 3.


LaTeX Warning: Citation `neu2013imilast' on page 4 undefined on input line 3.


LaTeX Warning: Citation `lagerquist2019deep' on page 4 undefined on input line 5.


LaTeX Warning: Citation `biard2019automated' on page 4 undefined on input line 5.


LaTeX Warning: Citation `kapp2020spatio' on page 4 undefined on input line 5.


LaTeX Warning: Citation `prabhat2020climatenet' on page 4 undefined on input line 5.


LaTeX Warning: Citation `neu2013imilast' on page 4 undefined on input line 5.


LaTeX Warning: Citation `higgins2023using' on page 4 undefined on input line 5.


LaTeX Warning: Citation `radke2024explaining' on page 4 undefined on input line 5.


LaTeX Warning: Citation `niebler2022automated' on page 4 undefined on input line 5.


LaTeX Warning: Citation `tian2023deep' on page 4 undefined on input line 5.


LaTeX Warning: Citation `radke2024explaining' on page 4 undefined on input line 5.


LaTeX Warning: Citation `radke2024explaining' on page 4 undefined on input line 7.

[4]

LaTeX Warning: Citation `jia2022visual' on page 5 undefined on input line 11.


LaTeX Warning: Citation `khattak2023maple' on page 5 undefined on input line 11.


LaTeX Warning: Citation `zhou2022learning' on page 5 undefined on input line 11.


LaTeX Warning: Citation `gao2025clipadapterbettervisionlanguagemodels' on page 5 undefined on input line 13.


LaTeX Warning: Citation `rebuffi2017learningmultiplevisualdomains' on page 5 undefined on input line 13.


LaTeX Warning: Citation `liu2023explicitvisualpromptinglowlevel' on page 5 undefined on input line 13.


LaTeX Warning: Citation `xu2023adapternetworkopenvocabularysemantic' on page 5 undefined on input line 13.


LaTeX Warning: Citation `zhu2024melo' on page 5 undefined on input line 16.


LaTeX Warning: Citation `wu2025multi' on page 5 undefined on input line 16.


LaTeX Warning: Citation `zhang2024improving' on page 5 undefined on input line 16.

[5]

LaTeX Warning: Citation `ke2023segment' on page 6 undefined on input line 19.


LaTeX Warning: Citation `xiao2024cat' on page 6 undefined on input line 19.


LaTeX Warning: Citation `kirillov2023segment' on page 6 undefined on input line 24.


LaTeX Warning: Citation `zhang2023personalize' on page 6 undefined on input line 24.


LaTeX Warning: Citation `zhou2024sam' on page 6 undefined on input line 26.


LaTeX Warning: Citation `xie2025self' on page 6 undefined on input line 26.


LaTeX Warning: Citation `chen2025aop' on page 6 undefined on input line 26.


LaTeX Warning: Citation `chen2024sam' on page 6 undefined on input line 26.

[6]

LaTeX Warning: Citation `wu2025multi' on page 7 undefined on input line 28.


LaTeX Warning: Citation `wei2024prompting' on page 7 undefined on input line 28.

) (./master_thesis_content/background/background_climatenet.tex

LaTeX Warning: Citation `prabhat2020climatenet' on page 7 undefined on input line 25.


LaTeX Warning: Citation `radke2024explaining' on page 7 undefined on input line 25.


LaTeX Warning: Citation `prabhat2020climatenet' on page 7 undefined on input line 25.


LaTeX Warning: Citation `radke2024explaining' on page 7 undefined on input line 25.


LaTeX Warning: Reference `tab:variables' on page 7 undefined on input line 29.

[7]

LaTeX Warning: Reference `fig:classdistribution' on page 8 undefined on input line 35.


LaTeX Warning: Reference `tab:summary_stats' on page 8 undefined on input line 37.


LaTeX Warning: `h' float specifier changed to `ht'.


LaTeX Warning: Citation `noaa_jetstream_tropical' on page 8 undefined on input line 75.


LaTeX Warning: Citation `hko_coriolis_tc' on page 8 undefined on input line 75.


LaTeX Warning: Citation `radke2024explaining' on page 8 undefined on input line 75.


Underfull \vbox (badness 1701) has occurred while \output is active [8 <./graphics/background/data_distribution.png>]

LaTeX Warning: Citation `gimeno2014atmospheric' on page 9 undefined on input line 77.


LaTeX Warning: Citation `radke2024explaining' on page 9 undefined on input line 77.


LaTeX Warning: Reference `fig:world_projection_grid' on page 9 undefined on input line 79.


Overfull \hbox (10.0605pt too wide) in paragraph at lines 85--87
 [][] 

Overfull \hbox (10.0605pt too wide) in paragraph at lines 91--93
 [][] 

Overfull \hbox (10.0605pt too wide) in paragraph at lines 99--101
 [][] 

Overfull \hbox (10.0605pt too wide) in paragraph at lines 105--107
 [][] 

LaTeX Warning: `!h' float specifier changed to `!ht'.

) (./master_thesis_content/background/background_sam.tex [9] [10 <./graphics/background/data_example_1.png> <./graphics/background/data_example_2.png> <./graphics/background/data_example_3.png> <./graphics/background/data_example_4.png>]

LaTeX Warning: Reference `fig:point_embedding' on page 11 undefined on input line 24.


LaTeX Warning: Reference `fig:image_embedding' on page 11 undefined on input line 37.

[11 <./graphics/background/point_embedding.pdf>]

LaTeX Warning: Reference `fig:decoder' on page 12 undefined on input line 50.


LaTeX Warning: `!h' float specifier changed to `!ht'.

[12 <./graphics/background/image_embedding.pdf>]
Underfull \vbox (badness 10000) has occurred while \output is active [13 <./graphics/background/decoder.pdf>]
Overfull \hbox (0.30443pt too wide) in paragraph at lines 80--81
\OT1/cmr/m/n/12 Our im-ple-men-ta-tion fo-cuses on in-ject-ing these adapters into the Trans-former blocks
[14]

LaTeX Warning: Citation `xiao2024cat' on page 15 undefined on input line 92.


LaTeX Warning: Citation `ke2023segment' on page 15 undefined on input line 92.

) (./master_thesis_content/background/background_metrics.tex

LaTeX Warning: Citation `56' on page 15 undefined on input line 3.


LaTeX Warning: Citation `68' on page 15 undefined on input line 3.


LaTeX Warning: Citation `54' on page 15 undefined on input line 3.


LaTeX Warning: Citation `76' on page 15 undefined on input line 3.


LaTeX Warning: Citation `56' on page 15 undefined on input line 3.


LaTeX Warning: Citation `76' on page 15 undefined on input line 3.


LaTeX Warning: Citation `72' on page 15 undefined on input line 5.


LaTeX Warning: Citation `255' on page 15 undefined on input line 5.


LaTeX Warning: Citation `166' on page 15 undefined on input line 5.


LaTeX Warning: Citation `166' on page 15 undefined on input line 8.


LaTeX Warning: Citation `166' on page 15 undefined on input line 15.


LaTeX Warning: Citation `166' on page 15 undefined on input line 16.


LaTeX Warning: Citation `166' on page 15 undefined on input line 17.

[15]

LaTeX Warning: Citation `166' on page 16 undefined on input line 18.


LaTeX Warning: Citation `166' on page 16 undefined on input line 30.


LaTeX Warning: Citation `166' on page 16 undefined on input line 31.


LaTeX Warning: Citation `255' on page 16 undefined on input line 31.


LaTeX Warning: Citation `68' on page 16 undefined on input line 32.


LaTeX Warning: Citation `166' on page 16 undefined on input line 32.


LaTeX Warning: Citation `166' on page 16 undefined on input line 33.


LaTeX Warning: Citation `166' on page 16 undefined on input line 51.

[16]

LaTeX Warning: Citation `389' on page 17 undefined on input line 67.


LaTeX Warning: Citation `383' on page 17 undefined on input line 67.


LaTeX Warning: Citation `162' on page 17 undefined on input line 67.


LaTeX Warning: Citation `383' on page 17 undefined on input line 67.


LaTeX Warning: Citation `389' on page 17 undefined on input line 67.


LaTeX Warning: Citation `166' on page 17 undefined on input line 67.


LaTeX Warning: Citation `389' on page 17 undefined on input line 67.


LaTeX Warning: Citation `207' on page 17 undefined on input line 69.


LaTeX Warning: Citation `255' on page 17 undefined on input line 69.


LaTeX Warning: Citation `56' on page 17 undefined on input line 69.

) [17]
Chapter 3.
(./master_thesis_content/approach/approach_pipeline.tex

LaTeX Warning: Reference `fig:pipeline' on page 18 undefined on input line 5.


LaTeX Warning: Citation `ke2023segment' on page 18 undefined on input line 5.


LaTeX Warning: Citation `xiao2024cat' on page 18 undefined on input line 5.


LaTeX Warning: Citation `zhang2024improving' on page 18 undefined on input line 5.


LaTeX Warning: Citation `xie2025self' on page 18 undefined on input line 5.


LaTeX Warning: `!h' float specifier changed to `!ht'.

[18]
Overfull \hbox (11.89035pt too wide) in paragraph at lines 31--32
[]\OT1/cmr/m/n/12 During this stage, the model is trained un-der the as-sump-tion of ``per-fect prompts".
[19 <./graphics/approach/pipeline.pdf>]

LaTeX Warning: `!h' float specifier changed to `!ht'.

) (./master_thesis_content/approach/approach_model.tex

LaTeX Warning: `!h' float specifier changed to `!ht'.


LaTeX Warning: Citation `wu2025multi' on page 20 undefined on input line 23.


LaTeX Warning: Citation `zhang2024improving' on page 20 undefined on input line 23.

[20 <./graphics/approach/prompt_pipeline-1.pdf>]
Underfull \vbox (badness 10000) has occurred while \output is active [21 <./graphics/approach/point_prompt.pdf> <./graphics/approach/noisy_mask.pdf>]

LaTeX Warning: Citation `zhu2024melo' on page 22 undefined on input line 27.


LaTeX Warning: Citation `wu2025multi' on page 22 undefined on input line 27.


LaTeX Warning: `!h' float specifier changed to `!ht'.


LaTeX Warning: `!h' float specifier changed to `!ht'.

) (./master_thesis_content/approach/approach_hp.tex
Underfull \vbox (badness 5050) has occurred while \output is active [22 <./graphics/approach/token_based_overview.pdf> <./graphics/approach/token_based_detail.pdf>] [23 <./graphics/approach/lora_overview.png> <./graphics/approach/lora_detail.pdf>]
Underfull \vbox (badness 10000) has occurred while \output is active [24 <./graphics/approach/prompter.pdf>]
Underfull \hbox (badness 4266) in paragraph at lines 32--32
[]\OT1/cmr/m/n/12 Balanced ap-proach for

Underfull \hbox (badness 1400) in paragraph at lines 32--32
[]\OT1/cmr/m/n/12 (0.99, 2.0), (0.99, 5.0),

Underfull \hbox (badness 10000) in paragraph at lines 32--32
[]\OT1/cmr/m/n/12 Combats the 257:1

Underfull \hbox (badness 1400) in paragraph at lines 32--32
[]\OT1/cmr/m/n/12 (0.80, 2.0), (0.85, 5.0),

Underfull \hbox (badness 10000) in paragraph at lines 32--32
[]\OT1/cmr/m/n/12 Addresses the 17:1

Underfull \hbox (badness 4266) in paragraph at lines 32--32
[]\OT1/cmr/m/n/12 Balanced ap-proach for

Underfull \hbox (badness 1400) in paragraph at lines 32--32
[]\OT1/cmr/m/n/12 (0.99, 2.0), (0.99, 5.0),

Underfull \hbox (badness 10000) in paragraph at lines 32--32
[]\OT1/cmr/m/n/12 Combats the 257:1

Underfull \hbox (badness 1400) in paragraph at lines 32--32
[]\OT1/cmr/m/n/12 (0.80, 2.0), (0.85, 5.0),

Underfull \hbox (badness 10000) in paragraph at lines 32--32
[]\OT1/cmr/m/n/12 Addresses the 17:1

LaTeX Warning: Citation `56' on page 25 undefined on input line 33.


LaTeX Warning: Citation `76' on page 25 undefined on input line 33.


LaTeX Warning: Citation `166' on page 25 undefined on input line 33.


LaTeX Warning: Citation `56' on page 25 undefined on input line 33.


LaTeX Warning: Citation `76' on page 25 undefined on input line 33.


LaTeX Warning: Citation `166' on page 25 undefined on input line 33.

) [25]
Chapter 4.
(./master_thesis_content/results/result_preliminary.tex

LaTeX Warning: Reference `searchstrat' on page 26 undefined on input line 4.


LaTeX Warning: `h' float specifier changed to `ht'.

[26] [27]
Overfull \hbox (35.29497pt too wide) in paragraph at lines 83--93
 [][] 
[28]) (./master_thesis_content/results/result_lora.tex

LaTeX Warning: Reference `tab:lora_performance' on page 29 undefined on input line 22.


LaTeX Warning: Reference `tab:lora_params_final' on page 29 undefined on input line 24.

[29]
Overfull \hbox (47.34134pt too wide) in paragraph at lines 29--39
 [][] 

LaTeX Warning: Reference `fig:iou_lora_single' on page 30 undefined on input line 43.


LaTeX Warning: Reference `fig:lora_augmentation' on page 30 undefined on input line 64.


Underfull \vbox (badness 1715) has occurred while \output is active [30 <./graphics/result/LORA_SING_AR.png> <./graphics/result/LORA_SINGLE_TC.png>]) (./master_thesis_content/results/result_token.tex) (./master_thesis_content/results/result_cgnet.tex) (./master_thesis_content/results/result_multiscaled.tex)) (./Thesis.bbl) [31 <./graphics/result/lora_augmentation.png>] [32] (./Thesis.aux)

LaTeX Warning: There were undefined references.


LaTeX Warning: Label(s) may have changed. Rerun to get cross-references right.


Package rerunfilecheck Warning: File `Thesis.out' has changed.
(rerunfilecheck)                Rerun to get outlines right
(rerunfilecheck)                or use package `bookmark'.

 )
(see the transcript file for additional information)<c:/texlive/2026/texmf-dist/fonts/type1/public/amsfonts/cm/cmbx10.pfb><c:/texlive/2026/texmf-dist/fonts/type1/public/amsfonts/cm/cmbx12.pfb><c:/texlive/2026/texmf-dist/fonts/type1/public/amsfonts/cm/cmex10.pfb><c:/texlive/2026/texmf-dist/fonts/type1/public/amsfonts/cm/cmmi12.pfb><c:/texlive/2026/texmf-dist/fonts/type1/public/amsfonts/cm/cmmi8.pfb><c:/texlive/2026/texmf-dist/fonts/type1/public/amsfonts/cm/cmr12.pfb><c:/texlive/2026/texmf-dist/fonts/type1/public/amsfonts/cm/cmr8.pfb><c:/texlive/2026/texmf-dist/fonts/type1/public/amsfonts/cm/cmsy10.pfb><c:/texlive/2026/texmf-dist/fonts/type1/public/amsfonts/cm/cmsy8.pfb><c:/texlive/2026/texmf-dist/fonts/type1/public/amsfonts/cm/cmti12.pfb><c:/texlive/2026/texmf-dist/fonts/type1/public/amsfonts/cm/cmtt12.pfb><c:/texlive/2026/texmf-dist/fonts/type1/public/amsfonts/symbols/msbm10.pfb><c:/texlive/2026/texmf-dist/fonts/type1/public/cm-super/sfrm1200.pfb>
Output written on Thesis.pdf (34 pages, 3208280 bytes).
SyncTeX written on Thesis.synctex.gz.

Transcript written on Thesis.log.
Latexmk: Getting log file 'Thesis.log'
Latexmk: Examining 'Thesis.fls'
Latexmk: Examining 'Thesis.log'
Latexmk: Missing input file 'Thesis.toc' message in .log file:
  No file Thesis.toc.
Latexmk: Found input bbl file 'Thesis.bbl'
Latexmk: References changed.
Latexmk: References changed.
Latexmk: Log file says output to 'Thesis.pdf'
Latexmk: Using bibtex to make bibliography file(s).
  ===Source file 'Thesis.bbl' for 'pdflatex'
Latexmk: Found bibliography file(s):
  ./thesis.bib
Latexmk: applying rule 'bibtex Thesis'...
Rule 'bibtex Thesis':  Reasons for rerun
Changed files or newly in use/created:
  Thesis.aux

------------
Run number 2 of rule 'bibtex Thesis'
------------
------------
Running 'bibtex  "Thesis.aux"'
------------
This is BibTeX, Version 0.99e (TeX Live 2026)
The top-level auxiliary file: Thesis.aux
The style file: plain.bst
Database file #1: thesis.bib
Warning--I didn't find a database entry for "56"
Warning--I didn't find a database entry for "68"
Warning--I didn't find a database entry for "54"
Warning--I didn't find a database entry for "76"
Warning--I didn't find a database entry for "72"
Warning--I didn't find a database entry for "255"
Warning--I didn't find a database entry for "166"
Warning--I didn't find a database entry for "389"
Warning--I didn't find a database entry for "383"
Warning--I didn't find a database entry for "162"
Warning--I didn't find a database entry for "207"
Warning--can't use both volume and number fields in chen2025aop
(There were 12 warnings)
Latexmk: applying rule 'pdflatex'...
Rule 'pdflatex':  Reasons for rerun
Changed files or newly in use/created:
  Thesis.aux
  Thesis.bbl
  Thesis.out
  Thesis.toc

------------
Run number 2 of rule 'pdflatex'
------------
------------
Running 'pdflatex  -synctex=1 -interaction=nonstopmode -file-line-error -recorder  "c:/Users/perrydebussy/Project/Study/masterarbeit/LATEX/Masterarbeit/Thesis.tex"'
------------
This is pdfTeX, Version 3.141592653-2.6-1.40.29 (TeX Live 2026) (preloaded format=pdflatex)
 restricted \write18 enabled.
entering extended mode
(c:/Users/perrydebussy/Project/Study/masterarbeit/LATEX/Masterarbeit/Thesis.tex
LaTeX2e <2025-11-01>
L3 programming layer <2026-01-19>
(c:/texlive/2026/texmf-dist/tex/latex/base/report.cls
Document Class: report 2025/01/22 v1.4n Standard LaTeX document class
(c:/texlive/2026/texmf-dist/tex/latex/base/size12.clo)) (c:/texlive/2026/texmf-dist/tex/latex/base/inputenc.sty) (c:/texlive/2026/texmf-dist/tex/generic/babel/babel.sty (c:/texlive/2026/texmf-dist/tex/generic/babel/txtbabel.def) (c:/texlive/2026/texmf-dist/tex/generic/babel/locale/en/babel-english.tex) (c:/texlive/2026/texmf-dist/tex/generic/babel-english/english.ldf)) (c:/texlive/2026/texmf-dist/tex/latex/caption/caption.sty (c:/texlive/2026/texmf-dist/tex/latex/caption/caption3.sty (c:/texlive/2026/texmf-dist/tex/latex/graphics/keyval.sty))) (c:/texlive/2026/texmf-dist/tex/latex/wrapfig/wrapfig.sty) (c:/texlive/2026/texmf-dist/tex/latex/listings/listings.sty (c:/texlive/2026/texmf-dist/tex/latex/listings/lstpatch.sty) (c:/texlive/2026/texmf-dist/tex/latex/listings/lstmisc.sty) (c:/texlive/2026/texmf-dist/tex/latex/listings/listings.cfg))
==> First Aid for listings.sty no longer applied!
    Expected:
        2024/09/23 1.10c (Carsten Heinz)
    but found:
        2025/11/14 1.11b (Carsten Heinz)
    so I'm assuming it got fixed.
(c:/texlive/2026/texmf-dist/tex/latex/gensymb/gensymb.sty) (c:/texlive/2026/texmf-dist/tex/latex/makecell/makecell.sty (c:/texlive/2026/texmf-dist/tex/latex/tools/array.sty)) (c:/texlive/2026/texmf-dist/tex/latex/acronym/acronym.sty (c:/texlive/2026/texmf-dist/tex/latex/bigfoot/suffix.sty) (c:/texlive/2026/texmf-dist/tex/generic/xstring/xstring.sty (c:/texlive/2026/texmf-dist/tex/generic/xstring/xstring.tex))) (c:/texlive/2026/texmf-dist/tex/latex/algorithms/algorithm.sty (c:/texlive/2026/texmf-dist/tex/latex/float/float.sty) (c:/texlive/2026/texmf-dist/tex/latex/base/ifthen.sty)) (c:/texlive/2026/texmf-dist/tex/latex/algorithmicx/algcompatible.sty (c:/texlive/2026/texmf-dist/tex/latex/algorithmicx/algorithmicx.sty
Document Style algorithmicx 1.2 - a greatly improved `algorithmic' style
)
Document Style - algorithmic compatible environments for the `algorithmicx' style
) (c:/texlive/2026/texmf-dist/tex/latex/algorithmicx/algpseudocode.sty
Document Style - pseudocode environments for use with the `algorithmicx' style
) (c:/texlive/2026/texmf-dist/tex/latex/amsfonts/amsfonts.sty) (c:/texlive/2026/texmf-dist/tex/latex/amsmath/amsmath.sty
For additional information on amsmath, use the `?' option.
(c:/texlive/2026/texmf-dist/tex/latex/amsmath/amstext.sty (c:/texlive/2026/texmf-dist/tex/latex/amsmath/amsgen.sty)) (c:/texlive/2026/texmf-dist/tex/latex/amsmath/amsbsy.sty) (c:/texlive/2026/texmf-dist/tex/latex/amsmath/amsopn.sty)) (c:/texlive/2026/texmf-dist/tex/latex/amsfonts/amssymb.sty) (c:/texlive/2026/texmf-dist/tex/latex/amscls/amsthm.sty) (c:/texlive/2026/texmf-dist/tex/latex/tabularray/tabularray.sty) (c:/texlive/2026/texmf-dist/tex/latex/booktabs/booktabs.sty) (c:/texlive/2026/texmf-dist/tex/latex/graphics/color.sty (c:/texlive/2026/texmf-dist/tex/latex/graphics-cfg/color.cfg) (c:/texlive/2026/texmf-dist/tex/latex/graphics-def/pdftex.def) (c:/texlive/2026/texmf-dist/tex/latex/graphics/mathcolor.ltx)) (c:/texlive/2026/texmf-dist/tex/latex/fancybox/fancybox.sty
Style option: `fancybox' v1.4 <2010/05/15> (tvz)
) (c:/texlive/2026/texmf-dist/tex/latex/fancyhdr/fancyhdr.sty) (c:/texlive/2026/texmf-dist/tex/latex/geometry/geometry.sty (c:/texlive/2026/texmf-dist/tex/generic/iftex/ifvtex.sty (c:/texlive/2026/texmf-dist/tex/generic/iftex/iftex.sty))) (c:/texlive/2026/texmf-dist/tex/latex/graphics/graphicx.sty (c:/texlive/2026/texmf-dist/tex/latex/graphics/graphics.sty (c:/texlive/2026/texmf-dist/tex/latex/graphics/trig.sty) (c:/texlive/2026/texmf-dist/tex/latex/graphics-cfg/graphics.cfg))) (c:/texlive/2026/texmf-dist/tex/latex/tools/longtable.sty) (c:/texlive/2026/texmf-dist/tex/latex/xcolor/xcolor.sty (c:/texlive/2026/texmf-dist/tex/latex/graphics-cfg/color.cfg) (c:/texlive/2026/texmf-dist/tex/latex/graphics/mathcolor.ltx)) (c:/texlive/2026/texmf-dist/tex/latex/ninecolors/ninecolors.sty (c:/texlive/2026/texmf-dist/tex/latex/l3packages/xparse/xparse.sty (c:/texlive/2026/texmf-dist/tex/latex/l3kernel/expl3.sty (c:/texlive/2026/texmf-dist/tex/latex/l3backend/l3backend-pdftex.def)))) (c:/texlive/2026/texmf-dist/tex/latex/tools/multicol.sty) (c:/texlive/2026/texmf-dist/tex/latex/multirow/multirow.sty) (c:/texlive/2026/texmf-dist/tex/latex/graphics/rotating.sty) (c:/texlive/2026/texmf-dist/tex/latex/subfig/subfig.sty

c:/texlive/2026/texmf-dist/tex/latex/subfig/subfig.sty:297: Package caption Error: hang undefined.

See the caption package documentation for explanation.
Type  H <return>  for immediate help.
 ...                                              
                                                  
l.297 \ProcessPackageOptions
                            
) (c:/texlive/2026/texmf-dist/tex/latex/url/url.sty) (c:/texlive/2026/texmf-dist/tex/latex/tools/xspace.sty) (c:/texlive/2026/texmf-dist/tex/latex/boxedminipage/boxedminipage.sty) (c:/texlive/2026/texmf-dist/tex/latex/hyperref/hyperref.sty (c:/texlive/2026/texmf-dist/tex/latex/kvsetkeys/kvsetkeys.sty) (c:/texlive/2026/texmf-dist/tex/generic/kvdefinekeys/kvdefinekeys.sty) (c:/texlive/2026/texmf-dist/tex/generic/pdfescape/pdfescape.sty (c:/texlive/2026/texmf-dist/tex/generic/ltxcmds/ltxcmds.sty) (c:/texlive/2026/texmf-dist/tex/generic/pdftexcmds/pdftexcmds.sty (c:/texlive/2026/texmf-dist/tex/generic/infwarerr/infwarerr.sty))) (c:/texlive/2026/texmf-dist/tex/latex/hycolor/hycolor.sty) (c:/texlive/2026/texmf-dist/tex/latex/hyperref/nameref.sty (c:/texlive/2026/texmf-dist/tex/latex/refcount/refcount.sty) (c:/texlive/2026/texmf-dist/tex/generic/gettitlestring/gettitlestring.sty (c:/texlive/2026/texmf-dist/tex/latex/kvoptions/kvoptions.sty))) (c:/texlive/2026/texmf-dist/tex/latex/etoolbox/etoolbox.sty) (c:/texlive/2026/texmf-dist/tex/generic/stringenc/stringenc.sty) (c:/texlive/2026/texmf-dist/tex/latex/hyperref/pd1enc.def) (c:/texlive/2026/texmf-dist/tex/generic/intcalc/intcalc.sty) (c:/texlive/2026/texmf-dist/tex/latex/hyperref/puenc.def) (c:/texlive/2026/texmf-dist/tex/generic/bitset/bitset.sty (c:/texlive/2026/texmf-dist/tex/generic/bigintcalc/bigintcalc.sty))) (c:/texlive/2026/texmf-dist/tex/latex/hyperref/hpdftex.def (c:/texlive/2026/texmf-dist/tex/latex/rerunfilecheck/rerunfilecheck.sty (c:/texlive/2026/texmf-dist/tex/generic/uniquecounter/uniquecounter.sty))) (./Thesis.aux

LaTeX Warning: Label `fig:pipeline' multiply defined.

) (c:/texlive/2026/texmf-dist/tex/latex/caption/ltcaption.sty)

Package gensymb Warning: Not defining \perthousand.


Package gensymb Warning: Not defining \micro.

(c:/texlive/2026/texmf-dist/tex/context/base/mkii/supp-pdf.mkii
[Loading MPS to PDF converter (version 2006.09.02).]
) (c:/texlive/2026/texmf-dist/tex/latex/epstopdf-pkg/epstopdf-base.sty (c:/texlive/2026/texmf-dist/tex/latex/latexconfig/epstopdf-sys.cfg))
*geometry* driver: auto-detecting
*geometry* detected driver: pdftex
(./Thesis.out) (./Thesis.out) (c:/texlive/2026/texmf-dist/tex/latex/amsfonts/umsa.fd) (c:/texlive/2026/texmf-dist/tex/latex/amsfonts/umsb.fd) [1{c:/texlive/2026/texmf-var/fonts/map/pdftex/updmap/pdftex.map} <./src/uhhLogoL.pdf>]
Underfull \hbox (badness 10000) in paragraph at lines 287--288


Underfull \hbox (badness 10000) in paragraph at lines 295--296

[2] (./Thesis.toc [3]) (./ChapterContent.tex [1]
Chapter 1.
(./master_thesis_content/introduction/introduction.tex

LaTeX Warning: Citation `hewson2010objective' on page 2 undefined on input line 1.


LaTeX Warning: Citation `hengstebeck2018radar' on page 2 undefined on input line 1.


LaTeX Warning: Citation `dawe2012statistical' on page 2 undefined on input line 1.


LaTeX Warning: Citation `lawrence2018characterizing' on page 2 undefined on input line 1.


LaTeX Warning: Citation `rautenhaus2017visualization' on page 2 undefined on input line 1.


LaTeX Warning: Citation `beckert2023three' on page 2 undefined on input line 1.


LaTeX Warning: Citation `neu2013imilast' on page 2 undefined on input line 1.


LaTeX Warning: Citation `bourdin2022intercomparison' on page 2 undefined on input line 1.


LaTeX Warning: Citation `guan2015detection' on page 2 undefined on input line 1.


LaTeX Warning: Citation `shields2018atmospheric' on page 2 undefined on input line 1.


LaTeX Warning: Citation `boukabara2021outlook' on page 2 undefined on input line 3.


LaTeX Warning: Citation `higgins2023using' on page 2 undefined on input line 3.


Package hyperref Warning: Difference (2) between bookmark levels is greater 
(hyperref)                than one, level fixed on input line 5.

[2{c:/texlive/2026/texmf-dist/fonts/enc/dvips/cm-super/cm-super-ts1.enc}]
Overfull \hbox (10.78603pt too wide) in paragraph at lines 12--13
[]\OT1/cmr/m/n/12 Autonomous Prompt Gen-er-a-tion: SAM's re-liance on man-ual ge-o-met-ric prompts
) [3]
Chapter 2.
(./master_thesis_content/background/background_relatedwork.tex

LaTeX Warning: Citation `bourdin2022intercomparison' on page 4 undefined on input line 3.


LaTeX Warning: Citation `neu2013imilast' on page 4 undefined on input line 3.


LaTeX Warning: Citation `beckert2023three' on page 4 undefined on input line 3.


LaTeX Warning: Citation `neu2013imilast' on page 4 undefined on input line 3.


LaTeX Warning: Citation `lagerquist2019deep' on page 4 undefined on input line 5.


LaTeX Warning: Citation `biard2019automated' on page 4 undefined on input line 5.


LaTeX Warning: Citation `kapp2020spatio' on page 4 undefined on input line 5.


LaTeX Warning: Citation `prabhat2020climatenet' on page 4 undefined on input line 5.


LaTeX Warning: Citation `neu2013imilast' on page 4 undefined on input line 5.


LaTeX Warning: Citation `higgins2023using' on page 4 undefined on input line 5.


LaTeX Warning: Citation `radke2024explaining' on page 4 undefined on input line 5.


LaTeX Warning: Citation `niebler2022automated' on page 4 undefined on input line 5.


LaTeX Warning: Citation `tian2023deep' on page 4 undefined on input line 5.


LaTeX Warning: Citation `radke2024explaining' on page 4 undefined on input line 5.


LaTeX Warning: Citation `radke2024explaining' on page 4 undefined on input line 7.

[4]

LaTeX Warning: Citation `jia2022visual' on page 5 undefined on input line 11.


LaTeX Warning: Citation `khattak2023maple' on page 5 undefined on input line 11.


LaTeX Warning: Citation `zhou2022learning' on page 5 undefined on input line 11.


LaTeX Warning: Citation `gao2025clipadapterbettervisionlanguagemodels' on page 5 undefined on input line 13.


LaTeX Warning: Citation `rebuffi2017learningmultiplevisualdomains' on page 5 undefined on input line 13.


LaTeX Warning: Citation `liu2023explicitvisualpromptinglowlevel' on page 5 undefined on input line 13.


LaTeX Warning: Citation `xu2023adapternetworkopenvocabularysemantic' on page 5 undefined on input line 13.


LaTeX Warning: Citation `zhu2024melo' on page 5 undefined on input line 16.


LaTeX Warning: Citation `wu2025multi' on page 5 undefined on input line 16.


LaTeX Warning: Citation `zhang2024improving' on page 5 undefined on input line 16.

[5]

LaTeX Warning: Citation `ke2023segment' on page 6 undefined on input line 19.


LaTeX Warning: Citation `xiao2024cat' on page 6 undefined on input line 19.


LaTeX Warning: Citation `kirillov2023segment' on page 6 undefined on input line 24.


LaTeX Warning: Citation `zhang2023personalize' on page 6 undefined on input line 24.


LaTeX Warning: Citation `zhou2024sam' on page 6 undefined on input line 26.


LaTeX Warning: Citation `xie2025self' on page 6 undefined on input line 26.


LaTeX Warning: Citation `chen2025aop' on page 6 undefined on input line 26.


LaTeX Warning: Citation `chen2024sam' on page 6 undefined on input line 26.

[6]

LaTeX Warning: Citation `wu2025multi' on page 7 undefined on input line 28.


LaTeX Warning: Citation `wei2024prompting' on page 7 undefined on input line 28.

) (./master_thesis_content/background/background_climatenet.tex

LaTeX Warning: Citation `prabhat2020climatenet' on page 7 undefined on input line 25.


LaTeX Warning: Citation `radke2024explaining' on page 7 undefined on input line 25.


LaTeX Warning: Citation `prabhat2020climatenet' on page 7 undefined on input line 25.


LaTeX Warning: Citation `radke2024explaining' on page 7 undefined on input line 25.

[7]

LaTeX Warning: `h' float specifier changed to `ht'.


LaTeX Warning: Citation `noaa_jetstream_tropical' on page 8 undefined on input line 75.


LaTeX Warning: Citation `hko_coriolis_tc' on page 8 undefined on input line 75.


LaTeX Warning: Citation `radke2024explaining' on page 8 undefined on input line 75.


Underfull \vbox (badness 1701) has occurred while \output is active [8 <./graphics/background/data_distribution.png>]

LaTeX Warning: Citation `gimeno2014atmospheric' on page 9 undefined on input line 77.


LaTeX Warning: Citation `radke2024explaining' on page 9 undefined on input line 77.


Overfull \hbox (10.0605pt too wide) in paragraph at lines 85--87
 [][] 

Overfull \hbox (10.0605pt too wide) in paragraph at lines 91--93
 [][] 

Overfull \hbox (10.0605pt too wide) in paragraph at lines 99--101
 [][] 

Overfull \hbox (10.0605pt too wide) in paragraph at lines 105--107
 [][] 

LaTeX Warning: `!h' float specifier changed to `!ht'.

) (./master_thesis_content/background/background_sam.tex [9] [10 <./graphics/background/data_example_1.png> <./graphics/background/data_example_2.png> <./graphics/background/data_example_3.png> <./graphics/background/data_example_4.png>] [11 <./graphics/background/point_embedding.pdf>]

LaTeX Warning: `!h' float specifier changed to `!ht'.

[12 <./graphics/background/image_embedding.pdf>]
Underfull \vbox (badness 10000) has occurred while \output is active [13 <./graphics/background/decoder.pdf>]
Overfull \hbox (0.30443pt too wide) in paragraph at lines 80--81
\OT1/cmr/m/n/12 Our im-ple-men-ta-tion fo-cuses on in-ject-ing these adapters into the Trans-former blocks
[14]

LaTeX Warning: Citation `xiao2024cat' on page 15 undefined on input line 92.


LaTeX Warning: Citation `ke2023segment' on page 15 undefined on input line 92.

) (./master_thesis_content/background/background_metrics.tex

LaTeX Warning: Citation `56' on page 15 undefined on input line 3.


LaTeX Warning: Citation `68' on page 15 undefined on input line 3.


LaTeX Warning: Citation `54' on page 15 undefined on input line 3.


LaTeX Warning: Citation `76' on page 15 undefined on input line 3.


LaTeX Warning: Citation `56' on page 15 undefined on input line 3.


LaTeX Warning: Citation `76' on page 15 undefined on input line 3.


LaTeX Warning: Citation `72' on page 15 undefined on input line 5.


LaTeX Warning: Citation `255' on page 15 undefined on input line 5.


LaTeX Warning: Citation `166' on page 15 undefined on input line 5.


LaTeX Warning: Citation `166' on page 15 undefined on input line 8.


LaTeX Warning: Citation `166' on page 15 undefined on input line 15.


LaTeX Warning: Citation `166' on page 15 undefined on input line 16.


LaTeX Warning: Citation `166' on page 15 undefined on input line 17.

[15]

LaTeX Warning: Citation `166' on page 16 undefined on input line 18.


LaTeX Warning: Citation `166' on page 16 undefined on input line 30.


LaTeX Warning: Citation `166' on page 16 undefined on input line 31.


LaTeX Warning: Citation `255' on page 16 undefined on input line 31.


LaTeX Warning: Citation `68' on page 16 undefined on input line 32.


LaTeX Warning: Citation `166' on page 16 undefined on input line 32.


LaTeX Warning: Citation `166' on page 16 undefined on input line 33.


LaTeX Warning: Citation `166' on page 16 undefined on input line 51.

[16]

LaTeX Warning: Citation `389' on page 17 undefined on input line 67.


LaTeX Warning: Citation `383' on page 17 undefined on input line 67.


LaTeX Warning: Citation `162' on page 17 undefined on input line 67.


LaTeX Warning: Citation `383' on page 17 undefined on input line 67.


LaTeX Warning: Citation `389' on page 17 undefined on input line 67.


LaTeX Warning: Citation `166' on page 17 undefined on input line 67.


LaTeX Warning: Citation `389' on page 17 undefined on input line 67.


LaTeX Warning: Citation `207' on page 17 undefined on input line 69.


LaTeX Warning: Citation `255' on page 17 undefined on input line 69.


LaTeX Warning: Citation `56' on page 17 undefined on input line 69.

) [17]
Chapter 3.
(./master_thesis_content/approach/approach_pipeline.tex

LaTeX Warning: Citation `ke2023segment' on page 18 undefined on input line 5.


LaTeX Warning: Citation `xiao2024cat' on page 18 undefined on input line 5.


LaTeX Warning: Citation `zhang2024improving' on page 18 undefined on input line 5.


LaTeX Warning: Citation `xie2025self' on page 18 undefined on input line 5.


LaTeX Warning: `!h' float specifier changed to `!ht'.

[18]
Overfull \hbox (11.89035pt too wide) in paragraph at lines 31--32
[]\OT1/cmr/m/n/12 During this stage, the model is trained un-der the as-sump-tion of ``per-fect prompts".
[19 <./graphics/approach/pipeline.pdf>]

LaTeX Warning: `!h' float specifier changed to `!ht'.

) (./master_thesis_content/approach/approach_model.tex

LaTeX Warning: `!h' float specifier changed to `!ht'.


LaTeX Warning: Citation `wu2025multi' on page 20 undefined on input line 23.


LaTeX Warning: Citation `zhang2024improving' on page 20 undefined on input line 23.

[20 <./graphics/approach/prompt_pipeline-1.pdf>]
Underfull \vbox (badness 10000) has occurred while \output is active [21 <./graphics/approach/point_prompt.pdf> <./graphics/approach/noisy_mask.pdf>]

LaTeX Warning: Citation `zhu2024melo' on page 22 undefined on input line 27.


LaTeX Warning: Citation `wu2025multi' on page 22 undefined on input line 27.


LaTeX Warning: `!h' float specifier changed to `!ht'.


LaTeX Warning: `!h' float specifier changed to `!ht'.

) (./master_thesis_content/approach/approach_hp.tex
Underfull \vbox (badness 5050) has occurred while \output is active [22 <./graphics/approach/token_based_overview.pdf> <./graphics/approach/token_based_detail.pdf>] [23 <./graphics/approach/lora_overview.png> <./graphics/approach/lora_detail.pdf>]
Underfull \vbox (badness 10000) has occurred while \output is active [24 <./graphics/approach/prompter.pdf>]
Underfull \hbox (badness 4266) in paragraph at lines 32--32
[]\OT1/cmr/m/n/12 Balanced ap-proach for

Underfull \hbox (badness 1400) in paragraph at lines 32--32
[]\OT1/cmr/m/n/12 (0.99, 2.0), (0.99, 5.0),

Underfull \hbox (badness 10000) in paragraph at lines 32--32
[]\OT1/cmr/m/n/12 Combats the 257:1

Underfull \hbox (badness 1400) in paragraph at lines 32--32
[]\OT1/cmr/m/n/12 (0.80, 2.0), (0.85, 5.0),

Underfull \hbox (badness 10000) in paragraph at lines 32--32
[]\OT1/cmr/m/n/12 Addresses the 17:1

Underfull \hbox (badness 4266) in paragraph at lines 32--32
[]\OT1/cmr/m/n/12 Balanced ap-proach for

Underfull \hbox (badness 1400) in paragraph at lines 32--32
[]\OT1/cmr/m/n/12 (0.99, 2.0), (0.99, 5.0),

Underfull \hbox (badness 10000) in paragraph at lines 32--32
[]\OT1/cmr/m/n/12 Combats the 257:1

Underfull \hbox (badness 1400) in paragraph at lines 32--32
[]\OT1/cmr/m/n/12 (0.80, 2.0), (0.85, 5.0),

Underfull \hbox (badness 10000) in paragraph at lines 32--32
[]\OT1/cmr/m/n/12 Addresses the 17:1

LaTeX Warning: Citation `56' on page 25 undefined on input line 33.


LaTeX Warning: Citation `76' on page 25 undefined on input line 33.


LaTeX Warning: Citation `166' on page 25 undefined on input line 33.


LaTeX Warning: Citation `56' on page 25 undefined on input line 33.


LaTeX Warning: Citation `76' on page 25 undefined on input line 33.


LaTeX Warning: Citation `166' on page 25 undefined on input line 33.

) [25]
Chapter 4.
(./master_thesis_content/results/result_preliminary.tex

LaTeX Warning: `h' float specifier changed to `ht'.

[26] [27]
Overfull \hbox (35.29497pt too wide) in paragraph at lines 83--93
 [][] 
[28]) (./master_thesis_content/results/result_lora.tex [29]
Overfull \hbox (47.34134pt too wide) in paragraph at lines 29--39
 [][] 

Underfull \vbox (badness 1715) has occurred while \output is active [30 <./graphics/result/LORA_SING_AR.png> <./graphics/result/LORA_SINGLE_TC.png>]) (./master_thesis_content/results/result_token.tex) (./master_thesis_content/results/result_cgnet.tex) (./master_thesis_content/results/result_multiscaled.tex)) (./Thesis.bbl [31 <./graphics/result/lora_augmentation.png>] [32]
Underfull \hbox (badness 4048) in paragraph at lines 68--72
[]\OT1/cmr/m/n/12 Hong Kong Ob-ser-va-tory.  Why do trop-i-cal cy-clones al-ways form

Underfull \hbox (badness 2229) in paragraph at lines 68--72
\OT1/cmr/m/n/12 more than 5 de-grees of lat-i-tude away from the equa-tor?  []$\OT1/cmtt/m/n/12 https :

Underfull \hbox (badness 10000) in paragraph at lines 68--72
\OT1/cmtt/m/n/12 / / www . hko . gov . hk / en / education / tropical-[]cyclone / intensity /

Overfull \hbox (211.96161pt too wide) in paragraph at lines 68--72
\OT1/cmtt/m/n/12 00150-[]why-[]do-[]tropical-[]cyclones-[]always-[]form-[]more-[]than-[]5-[]degrees-[]of-[]latitude-[]away-[]from-[]the-[]equator .
[33]
Underfull \hbox (badness 6641) in paragraph at lines 113--117
[]\OT1/cmr/m/n/12 National Oceanic and At-mo-spheric Ad-min-is-tra-tion.  Trop-i-cal cy-

Underfull \hbox (badness 10000) in paragraph at lines 113--117
\OT1/cmr/m/n/12 clone in-tro-duc-tion.  []$\OT1/cmtt/m/n/12 https : / / www . noaa . gov / jetstream / tropical /
[34] [35]) [36] (./Thesis.aux)

LaTeX Warning: There were undefined references.


LaTeX Warning: There were multiply-defined labels.

 )
(see the transcript file for additional information)<c:/texlive/2026/texmf-dist/fonts/type1/public/amsfonts/cm/cmbx10.pfb><c:/texlive/2026/texmf-dist/fonts/type1/public/amsfonts/cm/cmbx12.pfb><c:/texlive/2026/texmf-dist/fonts/type1/public/amsfonts/cm/cmex10.pfb><c:/texlive/2026/texmf-dist/fonts/type1/public/amsfonts/cm/cmmi12.pfb><c:/texlive/2026/texmf-dist/fonts/type1/public/amsfonts/cm/cmmi8.pfb><c:/texlive/2026/texmf-dist/fonts/type1/public/amsfonts/cm/cmr12.pfb><c:/texlive/2026/texmf-dist/fonts/type1/public/amsfonts/cm/cmr8.pfb><c:/texlive/2026/texmf-dist/fonts/type1/public/amsfonts/cm/cmsy10.pfb><c:/texlive/2026/texmf-dist/fonts/type1/public/amsfonts/cm/cmsy8.pfb><c:/texlive/2026/texmf-dist/fonts/type1/public/amsfonts/cm/cmti12.pfb><c:/texlive/2026/texmf-dist/fonts/type1/public/amsfonts/cm/cmtt12.pfb><c:/texlive/2026/texmf-dist/fonts/type1/public/amsfonts/symbols/msbm10.pfb><c:/texlive/2026/texmf-dist/fonts/type1/public/cm-super/sfrm1200.pfb>
Output written on Thesis.pdf (39 pages, 3231071 bytes).
SyncTeX written on Thesis.synctex.gz.

Transcript written on Thesis.log.
Latexmk: Getting log file 'Thesis.log'
Latexmk: Examining 'Thesis.fls'
Latexmk: Examining 'Thesis.log'
Latexmk: Found input bbl file 'Thesis.bbl'
Latexmk: Log file says output to 'Thesis.pdf'
Latexmk: Using bibtex to make bibliography file(s).
  ===Source file 'Thesis.bbl' for 'pdflatex'
Latexmk: Found bibliography file(s):
  ./thesis.bib
Latexmk: applying rule 'bibtex Thesis'...
Rule 'bibtex Thesis':  Reasons for rerun
Changed files or newly in use/created:
  Thesis.aux

------------
Run number 3 of rule 'bibtex Thesis'
------------
------------
Running 'bibtex  "Thesis.aux"'
------------
This is BibTeX, Version 0.99e (TeX Live 2026)
The top-level auxiliary file: Thesis.aux
The style file: plain.bst
Database file #1: thesis.bib
Warning--I didn't find a database entry for "56"
Warning--I didn't find a database entry for "68"
Warning--I didn't find a database entry for "54"
Warning--I didn't find a database entry for "76"
Warning--I didn't find a database entry for "72"
Warning--I didn't find a database entry for "255"
Warning--I didn't find a database entry for "166"
Warning--I didn't find a database entry for "389"
Warning--I didn't find a database entry for "383"
Warning--I didn't find a database entry for "162"
Warning--I didn't find a database entry for "207"
Warning--can't use both volume and number fields in chen2025aop
(There were 12 warnings)
Latexmk: applying rule 'pdflatex'...
Rule 'pdflatex':  Reasons for rerun
Changed files or newly in use/created:
  Thesis.aux

------------
Run number 3 of rule 'pdflatex'
------------
------------
Running 'pdflatex  -synctex=1 -interaction=nonstopmode -file-line-error -recorder  "c:/Users/perrydebussy/Project/Study/masterarbeit/LATEX/Masterarbeit/Thesis.tex"'
------------
This is pdfTeX, Version 3.141592653-2.6-1.40.29 (TeX Live 2026) (preloaded format=pdflatex)
 restricted \write18 enabled.
entering extended mode
(c:/Users/perrydebussy/Project/Study/masterarbeit/LATEX/Masterarbeit/Thesis.tex
LaTeX2e <2025-11-01>
L3 programming layer <2026-01-19>
(c:/texlive/2026/texmf-dist/tex/latex/base/report.cls
Document Class: report 2025/01/22 v1.4n Standard LaTeX document class
(c:/texlive/2026/texmf-dist/tex/latex/base/size12.clo)) (c:/texlive/2026/texmf-dist/tex/latex/base/inputenc.sty) (c:/texlive/2026/texmf-dist/tex/generic/babel/babel.sty (c:/texlive/2026/texmf-dist/tex/generic/babel/txtbabel.def) (c:/texlive/2026/texmf-dist/tex/generic/babel/locale/en/babel-english.tex) (c:/texlive/2026/texmf-dist/tex/generic/babel-english/english.ldf)) (c:/texlive/2026/texmf-dist/tex/latex/caption/caption.sty (c:/texlive/2026/texmf-dist/tex/latex/caption/caption3.sty (c:/texlive/2026/texmf-dist/tex/latex/graphics/keyval.sty))) (c:/texlive/2026/texmf-dist/tex/latex/wrapfig/wrapfig.sty) (c:/texlive/2026/texmf-dist/tex/latex/listings/listings.sty (c:/texlive/2026/texmf-dist/tex/latex/listings/lstpatch.sty) (c:/texlive/2026/texmf-dist/tex/latex/listings/lstmisc.sty) (c:/texlive/2026/texmf-dist/tex/latex/listings/listings.cfg))
==> First Aid for listings.sty no longer applied!
    Expected:
        2024/09/23 1.10c (Carsten Heinz)
    but found:
        2025/11/14 1.11b (Carsten Heinz)
    so I'm assuming it got fixed.
(c:/texlive/2026/texmf-dist/tex/latex/gensymb/gensymb.sty) (c:/texlive/2026/texmf-dist/tex/latex/makecell/makecell.sty (c:/texlive/2026/texmf-dist/tex/latex/tools/array.sty)) (c:/texlive/2026/texmf-dist/tex/latex/acronym/acronym.sty (c:/texlive/2026/texmf-dist/tex/latex/bigfoot/suffix.sty) (c:/texlive/2026/texmf-dist/tex/generic/xstring/xstring.sty (c:/texlive/2026/texmf-dist/tex/generic/xstring/xstring.tex))) (c:/texlive/2026/texmf-dist/tex/latex/algorithms/algorithm.sty (c:/texlive/2026/texmf-dist/tex/latex/float/float.sty) (c:/texlive/2026/texmf-dist/tex/latex/base/ifthen.sty)) (c:/texlive/2026/texmf-dist/tex/latex/algorithmicx/algcompatible.sty (c:/texlive/2026/texmf-dist/tex/latex/algorithmicx/algorithmicx.sty
Document Style algorithmicx 1.2 - a greatly improved `algorithmic' style
)
Document Style - algorithmic compatible environments for the `algorithmicx' style
) (c:/texlive/2026/texmf-dist/tex/latex/algorithmicx/algpseudocode.sty
Document Style - pseudocode environments for use with the `algorithmicx' style
) (c:/texlive/2026/texmf-dist/tex/latex/amsfonts/amsfonts.sty) (c:/texlive/2026/texmf-dist/tex/latex/amsmath/amsmath.sty
For additional information on amsmath, use the `?' option.
(c:/texlive/2026/texmf-dist/tex/latex/amsmath/amstext.sty (c:/texlive/2026/texmf-dist/tex/latex/amsmath/amsgen.sty)) (c:/texlive/2026/texmf-dist/tex/latex/amsmath/amsbsy.sty) (c:/texlive/2026/texmf-dist/tex/latex/amsmath/amsopn.sty)) (c:/texlive/2026/texmf-dist/tex/latex/amsfonts/amssymb.sty) (c:/texlive/2026/texmf-dist/tex/latex/amscls/amsthm.sty) (c:/texlive/2026/texmf-dist/tex/latex/tabularray/tabularray.sty) (c:/texlive/2026/texmf-dist/tex/latex/booktabs/booktabs.sty) (c:/texlive/2026/texmf-dist/tex/latex/graphics/color.sty (c:/texlive/2026/texmf-dist/tex/latex/graphics-cfg/color.cfg) (c:/texlive/2026/texmf-dist/tex/latex/graphics-def/pdftex.def) (c:/texlive/2026/texmf-dist/tex/latex/graphics/mathcolor.ltx)) (c:/texlive/2026/texmf-dist/tex/latex/fancybox/fancybox.sty
Style option: `fancybox' v1.4 <2010/05/15> (tvz)
) (c:/texlive/2026/texmf-dist/tex/latex/fancyhdr/fancyhdr.sty) (c:/texlive/2026/texmf-dist/tex/latex/geometry/geometry.sty (c:/texlive/2026/texmf-dist/tex/generic/iftex/ifvtex.sty (c:/texlive/2026/texmf-dist/tex/generic/iftex/iftex.sty))) (c:/texlive/2026/texmf-dist/tex/latex/graphics/graphicx.sty (c:/texlive/2026/texmf-dist/tex/latex/graphics/graphics.sty (c:/texlive/2026/texmf-dist/tex/latex/graphics/trig.sty) (c:/texlive/2026/texmf-dist/tex/latex/graphics-cfg/graphics.cfg))) (c:/texlive/2026/texmf-dist/tex/latex/tools/longtable.sty) (c:/texlive/2026/texmf-dist/tex/latex/xcolor/xcolor.sty (c:/texlive/2026/texmf-dist/tex/latex/graphics-cfg/color.cfg) (c:/texlive/2026/texmf-dist/tex/latex/graphics/mathcolor.ltx)) (c:/texlive/2026/texmf-dist/tex/latex/ninecolors/ninecolors.sty (c:/texlive/2026/texmf-dist/tex/latex/l3packages/xparse/xparse.sty (c:/texlive/2026/texmf-dist/tex/latex/l3kernel/expl3.sty (c:/texlive/2026/texmf-dist/tex/latex/l3backend/l3backend-pdftex.def)))) (c:/texlive/2026/texmf-dist/tex/latex/tools/multicol.sty) (c:/texlive/2026/texmf-dist/tex/latex/multirow/multirow.sty) (c:/texlive/2026/texmf-dist/tex/latex/graphics/rotating.sty) (c:/texlive/2026/texmf-dist/tex/latex/subfig/subfig.sty

c:/texlive/2026/texmf-dist/tex/latex/subfig/subfig.sty:297: Package caption Error: hang undefined.

See the caption package documentation for explanation.
Type  H <return>  for immediate help.
 ...                                              
                                                  
l.297 \ProcessPackageOptions
                            
) (c:/texlive/2026/texmf-dist/tex/latex/url/url.sty) (c:/texlive/2026/texmf-dist/tex/latex/tools/xspace.sty) (c:/texlive/2026/texmf-dist/tex/latex/boxedminipage/boxedminipage.sty) (c:/texlive/2026/texmf-dist/tex/latex/hyperref/hyperref.sty (c:/texlive/2026/texmf-dist/tex/latex/kvsetkeys/kvsetkeys.sty) (c:/texlive/2026/texmf-dist/tex/generic/kvdefinekeys/kvdefinekeys.sty) (c:/texlive/2026/texmf-dist/tex/generic/pdfescape/pdfescape.sty (c:/texlive/2026/texmf-dist/tex/generic/ltxcmds/ltxcmds.sty) (c:/texlive/2026/texmf-dist/tex/generic/pdftexcmds/pdftexcmds.sty (c:/texlive/2026/texmf-dist/tex/generic/infwarerr/infwarerr.sty))) (c:/texlive/2026/texmf-dist/tex/latex/hycolor/hycolor.sty) (c:/texlive/2026/texmf-dist/tex/latex/hyperref/nameref.sty (c:/texlive/2026/texmf-dist/tex/latex/refcount/refcount.sty) (c:/texlive/2026/texmf-dist/tex/generic/gettitlestring/gettitlestring.sty (c:/texlive/2026/texmf-dist/tex/latex/kvoptions/kvoptions.sty))) (c:/texlive/2026/texmf-dist/tex/latex/etoolbox/etoolbox.sty) (c:/texlive/2026/texmf-dist/tex/generic/stringenc/stringenc.sty) (c:/texlive/2026/texmf-dist/tex/latex/hyperref/pd1enc.def) (c:/texlive/2026/texmf-dist/tex/generic/intcalc/intcalc.sty) (c:/texlive/2026/texmf-dist/tex/latex/hyperref/puenc.def) (c:/texlive/2026/texmf-dist/tex/generic/bitset/bitset.sty (c:/texlive/2026/texmf-dist/tex/generic/bigintcalc/bigintcalc.sty))) (c:/texlive/2026/texmf-dist/tex/latex/hyperref/hpdftex.def (c:/texlive/2026/texmf-dist/tex/latex/rerunfilecheck/rerunfilecheck.sty (c:/texlive/2026/texmf-dist/tex/generic/uniquecounter/uniquecounter.sty))) (./Thesis.aux

LaTeX Warning: Label `fig:pipeline' multiply defined.

) (c:/texlive/2026/texmf-dist/tex/latex/caption/ltcaption.sty)

Package gensymb Warning: Not defining \perthousand.


Package gensymb Warning: Not defining \micro.

(c:/texlive/2026/texmf-dist/tex/context/base/mkii/supp-pdf.mkii
[Loading MPS to PDF converter (version 2006.09.02).]
) (c:/texlive/2026/texmf-dist/tex/latex/epstopdf-pkg/epstopdf-base.sty (c:/texlive/2026/texmf-dist/tex/latex/latexconfig/epstopdf-sys.cfg))
*geometry* driver: auto-detecting
*geometry* detected driver: pdftex
(./Thesis.out) (./Thesis.out) (c:/texlive/2026/texmf-dist/tex/latex/amsfonts/umsa.fd) (c:/texlive/2026/texmf-dist/tex/latex/amsfonts/umsb.fd) [1{c:/texlive/2026/texmf-var/fonts/map/pdftex/updmap/pdftex.map} <./src/uhhLogoL.pdf>]
Underfull \hbox (badness 10000) in paragraph at lines 287--288


Underfull \hbox (badness 10000) in paragraph at lines 295--296

[2] (./Thesis.toc [3]) (./ChapterContent.tex [1]
Chapter 1.
(./master_thesis_content/introduction/introduction.tex

Package hyperref Warning: Difference (2) between bookmark levels is greater 
(hyperref)                than one, level fixed on input line 5.

[2{c:/texlive/2026/texmf-dist/fonts/enc/dvips/cm-super/cm-super-ts1.enc}]
Overfull \hbox (10.78603pt too wide) in paragraph at lines 12--13
[]\OT1/cmr/m/n/12 Autonomous Prompt Gen-er-a-tion: SAM's re-liance on man-ual ge-o-met-ric prompts
) [3]
Chapter 2.
(./master_thesis_content/background/background_relatedwork.tex [4] [5] [6]) (./master_thesis_content/background/background_climatenet.tex [7]

LaTeX Warning: `h' float specifier changed to `ht'.


Underfull \vbox (badness 1701) has occurred while \output is active [8 <./graphics/background/data_distribution.png>]
Overfull \hbox (10.0605pt too wide) in paragraph at lines 85--87
 [][] 

Overfull \hbox (10.0605pt too wide) in paragraph at lines 91--93
 [][] 

Overfull \hbox (10.0605pt too wide) in paragraph at lines 99--101
 [][] 

Overfull \hbox (10.0605pt too wide) in paragraph at lines 105--107
 [][] 

LaTeX Warning: `!h' float specifier changed to `!ht'.

) (./master_thesis_content/background/background_sam.tex [9] [10 <./graphics/background/data_example_1.png> <./graphics/background/data_example_2.png> <./graphics/background/data_example_3.png> <./graphics/background/data_example_4.png>] [11 <./graphics/background/point_embedding.pdf>]

LaTeX Warning: `!h' float specifier changed to `!ht'.

[12 <./graphics/background/image_embedding.pdf>]
Underfull \vbox (badness 10000) has occurred while \output is active [13 <./graphics/background/decoder.pdf>]
Overfull \hbox (0.30443pt too wide) in paragraph at lines 80--81
\OT1/cmr/m/n/12 Our im-ple-men-ta-tion fo-cuses on in-ject-ing these adapters into the Trans-former blocks
[14]) (./master_thesis_content/background/background_metrics.tex

LaTeX Warning: Citation `56' on page 15 undefined on input line 3.


LaTeX Warning: Citation `68' on page 15 undefined on input line 3.


LaTeX Warning: Citation `54' on page 15 undefined on input line 3.


LaTeX Warning: Citation `76' on page 15 undefined on input line 3.


LaTeX Warning: Citation `56' on page 15 undefined on input line 3.


LaTeX Warning: Citation `76' on page 15 undefined on input line 3.


LaTeX Warning: Citation `72' on page 15 undefined on input line 5.


LaTeX Warning: Citation `255' on page 15 undefined on input line 5.


LaTeX Warning: Citation `166' on page 15 undefined on input line 5.


LaTeX Warning: Citation `166' on page 15 undefined on input line 8.


LaTeX Warning: Citation `166' on page 15 undefined on input line 15.


LaTeX Warning: Citation `166' on page 15 undefined on input line 16.


LaTeX Warning: Citation `166' on page 15 undefined on input line 17.

[15]

LaTeX Warning: Citation `166' on page 16 undefined on input line 18.


LaTeX Warning: Citation `166' on page 16 undefined on input line 30.


LaTeX Warning: Citation `166' on page 16 undefined on input line 31.


LaTeX Warning: Citation `255' on page 16 undefined on input line 31.


LaTeX Warning: Citation `68' on page 16 undefined on input line 32.


LaTeX Warning: Citation `166' on page 16 undefined on input line 32.


LaTeX Warning: Citation `166' on page 16 undefined on input line 33.


LaTeX Warning: Citation `166' on page 16 undefined on input line 51.

[16]

LaTeX Warning: Citation `389' on page 17 undefined on input line 67.


LaTeX Warning: Citation `383' on page 17 undefined on input line 67.


LaTeX Warning: Citation `162' on page 17 undefined on input line 67.


LaTeX Warning: Citation `383' on page 17 undefined on input line 67.


LaTeX Warning: Citation `389' on page 17 undefined on input line 67.


LaTeX Warning: Citation `166' on page 17 undefined on input line 67.


LaTeX Warning: Citation `389' on page 17 undefined on input line 67.


LaTeX Warning: Citation `207' on page 17 undefined on input line 69.


LaTeX Warning: Citation `255' on page 17 undefined on input line 69.


LaTeX Warning: Citation `56' on page 17 undefined on input line 69.

) [17]
Chapter 3.
(./master_thesis_content/approach/approach_pipeline.tex

LaTeX Warning: `!h' float specifier changed to `!ht'.

[18]
Overfull \hbox (11.89035pt too wide) in paragraph at lines 31--32
[]\OT1/cmr/m/n/12 During this stage, the model is trained un-der the as-sump-tion of ``per-fect prompts".
[19 <./graphics/approach/pipeline.pdf>]

LaTeX Warning: `!h' float specifier changed to `!ht'.

) (./master_thesis_content/approach/approach_model.tex

LaTeX Warning: `!h' float specifier changed to `!ht'.


Underfull \vbox (badness 10000) has occurred while \output is active [20 <./graphics/approach/prompt_pipeline-1.pdf>]
Underfull \vbox (badness 10000) has occurred while \output is active [21 <./graphics/approach/point_prompt.pdf> <./graphics/approach/noisy_mask.pdf>] [22 <./graphics/approach/token_based_overview.pdf> <./graphics/approach/token_based_detail.pdf>]

LaTeX Warning: `!h' float specifier changed to `!ht'.

) (./master_thesis_content/approach/approach_hp.tex [23 <./graphics/approach/lora_overview.png> <./graphics/approach/lora_detail.pdf>] [24 <./graphics/approach/prompter.pdf>]
Underfull \hbox (badness 4266) in paragraph at lines 32--32
[]\OT1/cmr/m/n/12 Balanced ap-proach for

Underfull \hbox (badness 1400) in paragraph at lines 32--32
[]\OT1/cmr/m/n/12 (0.99, 2.0), (0.99, 5.0),

Underfull \hbox (badness 10000) in paragraph at lines 32--32
[]\OT1/cmr/m/n/12 Combats the 257:1

Underfull \hbox (badness 1400) in paragraph at lines 32--32
[]\OT1/cmr/m/n/12 (0.80, 2.0), (0.85, 5.0),

Underfull \hbox (badness 10000) in paragraph at lines 32--32
[]\OT1/cmr/m/n/12 Addresses the 17:1

Underfull \hbox (badness 4266) in paragraph at lines 32--32
[]\OT1/cmr/m/n/12 Balanced ap-proach for

Underfull \hbox (badness 1400) in paragraph at lines 32--32
[]\OT1/cmr/m/n/12 (0.99, 2.0), (0.99, 5.0),

Underfull \hbox (badness 10000) in paragraph at lines 32--32
[]\OT1/cmr/m/n/12 Combats the 257:1

Underfull \hbox (badness 1400) in paragraph at lines 32--32
[]\OT1/cmr/m/n/12 (0.80, 2.0), (0.85, 5.0),

Underfull \hbox (badness 10000) in paragraph at lines 32--32
[]\OT1/cmr/m/n/12 Addresses the 17:1

LaTeX Warning: Citation `56' on page 25 undefined on input line 33.


LaTeX Warning: Citation `76' on page 25 undefined on input line 33.


LaTeX Warning: Citation `166' on page 25 undefined on input line 33.


LaTeX Warning: Citation `56' on page 25 undefined on input line 33.


LaTeX Warning: Citation `76' on page 25 undefined on input line 33.


LaTeX Warning: Citation `166' on page 25 undefined on input line 33.

) [25]
Chapter 4.
(./master_thesis_content/results/result_preliminary.tex

LaTeX Warning: `h' float specifier changed to `ht'.

[26] [27]
Overfull \hbox (35.29497pt too wide) in paragraph at lines 83--93
 [][] 
[28]) (./master_thesis_content/results/result_lora.tex [29]
Overfull \hbox (47.34134pt too wide) in paragraph at lines 29--39
 [][] 

Underfull \vbox (badness 1715) has occurred while \output is active [30 <./graphics/result/LORA_SING_AR.png> <./graphics/result/LORA_SINGLE_TC.png>]) (./master_thesis_content/results/result_token.tex) (./master_thesis_content/results/result_cgnet.tex) (./master_thesis_content/results/result_multiscaled.tex)) (./Thesis.bbl [31 <./graphics/result/lora_augmentation.png>] [32]
Underfull \hbox (badness 4048) in paragraph at lines 68--72
[]\OT1/cmr/m/n/12 Hong Kong Ob-ser-va-tory.  Why do trop-i-cal cy-clones al-ways form

Underfull \hbox (badness 2229) in paragraph at lines 68--72
\OT1/cmr/m/n/12 more than 5 de-grees of lat-i-tude away from the equa-tor?  []$\OT1/cmtt/m/n/12 https :

Underfull \hbox (badness 10000) in paragraph at lines 68--72
\OT1/cmtt/m/n/12 / / www . hko . gov . hk / en / education / tropical-[]cyclone / intensity /

Overfull \hbox (211.96161pt too wide) in paragraph at lines 68--72
\OT1/cmtt/m/n/12 00150-[]why-[]do-[]tropical-[]cyclones-[]always-[]form-[]more-[]than-[]5-[]degrees-[]of-[]latitude-[]away-[]from-[]the-[]equator .
[33]
Underfull \hbox (badness 6641) in paragraph at lines 113--117
[]\OT1/cmr/m/n/12 National Oceanic and At-mo-spheric Ad-min-is-tra-tion.  Trop-i-cal cy-

Underfull \hbox (badness 10000) in paragraph at lines 113--117
\OT1/cmr/m/n/12 clone in-tro-duc-tion.  []$\OT1/cmtt/m/n/12 https : / / www . noaa . gov / jetstream / tropical /
[34] [35]) [36] (./Thesis.aux)

LaTeX Warning: There were undefined references.


LaTeX Warning: There were multiply-defined labels.

 )
(see the transcript file for additional information)<c:/texlive/2026/texmf-dist/fonts/type1/public/amsfonts/cm/cmbx10.pfb><c:/texlive/2026/texmf-dist/fonts/type1/public/amsfonts/cm/cmbx12.pfb><c:/texlive/2026/texmf-dist/fonts/type1/public/amsfonts/cm/cmex10.pfb><c:/texlive/2026/texmf-dist/fonts/type1/public/amsfonts/cm/cmmi12.pfb><c:/texlive/2026/texmf-dist/fonts/type1/public/amsfonts/cm/cmmi8.pfb><c:/texlive/2026/texmf-dist/fonts/type1/public/amsfonts/cm/cmr12.pfb><c:/texlive/2026/texmf-dist/fonts/type1/public/amsfonts/cm/cmr8.pfb><c:/texlive/2026/texmf-dist/fonts/type1/public/amsfonts/cm/cmsy10.pfb><c:/texlive/2026/texmf-dist/fonts/type1/public/amsfonts/cm/cmsy8.pfb><c:/texlive/2026/texmf-dist/fonts/type1/public/amsfonts/cm/cmti12.pfb><c:/texlive/2026/texmf-dist/fonts/type1/public/amsfonts/cm/cmtt12.pfb><c:/texlive/2026/texmf-dist/fonts/type1/public/amsfonts/symbols/msbm10.pfb><c:/texlive/2026/texmf-dist/fonts/type1/public/cm-super/sfrm1200.pfb>
Output written on Thesis.pdf (39 pages, 3233573 bytes).
SyncTeX written on Thesis.synctex.gz.

Transcript written on Thesis.log.
Latexmk: Getting log file 'Thesis.log'
Latexmk: Examining 'Thesis.fls'
Latexmk: Examining 'Thesis.log'
Latexmk: Found input bbl file 'Thesis.bbl'
Latexmk: Log file says output to 'Thesis.pdf'
Latexmk: Using bibtex to make bibliography file(s).
  ===Source file 'Thesis.bbl' for 'pdflatex'
Latexmk: Found bibliography file(s):
  ./thesis.bib
Latexmk: applying rule 'bibtex Thesis'...
Rule 'bibtex Thesis':  Reasons for rerun
Changed files or newly in use/created:
  Thesis.aux

------------
Run number 4 of rule 'bibtex Thesis'
------------
------------
Running 'bibtex  "Thesis.aux"'
------------
This is BibTeX, Version 0.99e (TeX Live 2026)
The top-level auxiliary file: Thesis.aux
The style file: plain.bst
Database file #1: thesis.bib
Warning--I didn't find a database entry for "56"
Warning--I didn't find a database entry for "68"
Warning--I didn't find a database entry for "54"
Warning--I didn't find a database entry for "76"
Warning--I didn't find a database entry for "72"
Warning--I didn't find a database entry for "255"
Warning--I didn't find a database entry for "166"
Warning--I didn't find a database entry for "389"
Warning--I didn't find a database entry for "383"
Warning--I didn't find a database entry for "162"
Warning--I didn't find a database entry for "207"
Warning--can't use both volume and number fields in chen2025aop
(There were 12 warnings)
Latexmk: applying rule 'pdflatex'...
Rule 'pdflatex':  Reasons for rerun
Changed files or newly in use/created:
  Thesis.aux
  Thesis.toc

------------
Run number 4 of rule 'pdflatex'
------------
------------
Running 'pdflatex  -synctex=1 -interaction=nonstopmode -file-line-error -recorder  "c:/Users/perrydebussy/Project/Study/masterarbeit/LATEX/Masterarbeit/Thesis.tex"'
------------
This is pdfTeX, Version 3.141592653-2.6-1.40.29 (TeX Live 2026) (preloaded format=pdflatex)
 restricted \write18 enabled.
entering extended mode
(c:/Users/perrydebussy/Project/Study/masterarbeit/LATEX/Masterarbeit/Thesis.tex
LaTeX2e <2025-11-01>
L3 programming layer <2026-01-19>
(c:/texlive/2026/texmf-dist/tex/latex/base/report.cls
Document Class: report 2025/01/22 v1.4n Standard LaTeX document class
(c:/texlive/2026/texmf-dist/tex/latex/base/size12.clo)) (c:/texlive/2026/texmf-dist/tex/latex/base/inputenc.sty) (c:/texlive/2026/texmf-dist/tex/generic/babel/babel.sty (c:/texlive/2026/texmf-dist/tex/generic/babel/txtbabel.def) (c:/texlive/2026/texmf-dist/tex/generic/babel/locale/en/babel-english.tex) (c:/texlive/2026/texmf-dist/tex/generic/babel-english/english.ldf)) (c:/texlive/2026/texmf-dist/tex/latex/caption/caption.sty (c:/texlive/2026/texmf-dist/tex/latex/caption/caption3.sty (c:/texlive/2026/texmf-dist/tex/latex/graphics/keyval.sty))) (c:/texlive/2026/texmf-dist/tex/latex/wrapfig/wrapfig.sty) (c:/texlive/2026/texmf-dist/tex/latex/listings/listings.sty (c:/texlive/2026/texmf-dist/tex/latex/listings/lstpatch.sty) (c:/texlive/2026/texmf-dist/tex/latex/listings/lstmisc.sty) (c:/texlive/2026/texmf-dist/tex/latex/listings/listings.cfg))
==> First Aid for listings.sty no longer applied!
    Expected:
        2024/09/23 1.10c (Carsten Heinz)
    but found:
        2025/11/14 1.11b (Carsten Heinz)
    so I'm assuming it got fixed.
(c:/texlive/2026/texmf-dist/tex/latex/gensymb/gensymb.sty) (c:/texlive/2026/texmf-dist/tex/latex/makecell/makecell.sty (c:/texlive/2026/texmf-dist/tex/latex/tools/array.sty)) (c:/texlive/2026/texmf-dist/tex/latex/acronym/acronym.sty (c:/texlive/2026/texmf-dist/tex/latex/bigfoot/suffix.sty) (c:/texlive/2026/texmf-dist/tex/generic/xstring/xstring.sty (c:/texlive/2026/texmf-dist/tex/generic/xstring/xstring.tex))) (c:/texlive/2026/texmf-dist/tex/latex/algorithms/algorithm.sty (c:/texlive/2026/texmf-dist/tex/latex/float/float.sty) (c:/texlive/2026/texmf-dist/tex/latex/base/ifthen.sty)) (c:/texlive/2026/texmf-dist/tex/latex/algorithmicx/algcompatible.sty (c:/texlive/2026/texmf-dist/tex/latex/algorithmicx/algorithmicx.sty
Document Style algorithmicx 1.2 - a greatly improved `algorithmic' style
)
Document Style - algorithmic compatible environments for the `algorithmicx' style
) (c:/texlive/2026/texmf-dist/tex/latex/algorithmicx/algpseudocode.sty
Document Style - pseudocode environments for use with the `algorithmicx' style
) (c:/texlive/2026/texmf-dist/tex/latex/amsfonts/amsfonts.sty) (c:/texlive/2026/texmf-dist/tex/latex/amsmath/amsmath.sty
For additional information on amsmath, use the `?' option.
(c:/texlive/2026/texmf-dist/tex/latex/amsmath/amstext.sty (c:/texlive/2026/texmf-dist/tex/latex/amsmath/amsgen.sty)) (c:/texlive/2026/texmf-dist/tex/latex/amsmath/amsbsy.sty) (c:/texlive/2026/texmf-dist/tex/latex/amsmath/amsopn.sty)) (c:/texlive/2026/texmf-dist/tex/latex/amsfonts/amssymb.sty) (c:/texlive/2026/texmf-dist/tex/latex/amscls/amsthm.sty) (c:/texlive/2026/texmf-dist/tex/latex/tabularray/tabularray.sty) (c:/texlive/2026/texmf-dist/tex/latex/booktabs/booktabs.sty) (c:/texlive/2026/texmf-dist/tex/latex/graphics/color.sty (c:/texlive/2026/texmf-dist/tex/latex/graphics-cfg/color.cfg) (c:/texlive/2026/texmf-dist/tex/latex/graphics-def/pdftex.def) (c:/texlive/2026/texmf-dist/tex/latex/graphics/mathcolor.ltx)) (c:/texlive/2026/texmf-dist/tex/latex/fancybox/fancybox.sty
Style option: `fancybox' v1.4 <2010/05/15> (tvz)
) (c:/texlive/2026/texmf-dist/tex/latex/fancyhdr/fancyhdr.sty) (c:/texlive/2026/texmf-dist/tex/latex/geometry/geometry.sty (c:/texlive/2026/texmf-dist/tex/generic/iftex/ifvtex.sty (c:/texlive/2026/texmf-dist/tex/generic/iftex/iftex.sty))) (c:/texlive/2026/texmf-dist/tex/latex/graphics/graphicx.sty (c:/texlive/2026/texmf-dist/tex/latex/graphics/graphics.sty (c:/texlive/2026/texmf-dist/tex/latex/graphics/trig.sty) (c:/texlive/2026/texmf-dist/tex/latex/graphics-cfg/graphics.cfg))) (c:/texlive/2026/texmf-dist/tex/latex/tools/longtable.sty) (c:/texlive/2026/texmf-dist/tex/latex/xcolor/xcolor.sty (c:/texlive/2026/texmf-dist/tex/latex/graphics-cfg/color.cfg) (c:/texlive/2026/texmf-dist/tex/latex/graphics/mathcolor.ltx)) (c:/texlive/2026/texmf-dist/tex/latex/ninecolors/ninecolors.sty (c:/texlive/2026/texmf-dist/tex/latex/l3packages/xparse/xparse.sty (c:/texlive/2026/texmf-dist/tex/latex/l3kernel/expl3.sty (c:/texlive/2026/texmf-dist/tex/latex/l3backend/l3backend-pdftex.def)))) (c:/texlive/2026/texmf-dist/tex/latex/tools/multicol.sty) (c:/texlive/2026/texmf-dist/tex/latex/multirow/multirow.sty) (c:/texlive/2026/texmf-dist/tex/latex/graphics/rotating.sty) (c:/texlive/2026/texmf-dist/tex/latex/subfig/subfig.sty

c:/texlive/2026/texmf-dist/tex/latex/subfig/subfig.sty:297: Package caption Error: hang undefined.

See the caption package documentation for explanation.
Type  H <return>  for immediate help.
 ...                                              
                                                  
l.297 \ProcessPackageOptions
                            
) (c:/texlive/2026/texmf-dist/tex/latex/url/url.sty) (c:/texlive/2026/texmf-dist/tex/latex/tools/xspace.sty) (c:/texlive/2026/texmf-dist/tex/latex/boxedminipage/boxedminipage.sty) (c:/texlive/2026/texmf-dist/tex/latex/hyperref/hyperref.sty (c:/texlive/2026/texmf-dist/tex/latex/kvsetkeys/kvsetkeys.sty) (c:/texlive/2026/texmf-dist/tex/generic/kvdefinekeys/kvdefinekeys.sty) (c:/texlive/2026/texmf-dist/tex/generic/pdfescape/pdfescape.sty (c:/texlive/2026/texmf-dist/tex/generic/ltxcmds/ltxcmds.sty) (c:/texlive/2026/texmf-dist/tex/generic/pdftexcmds/pdftexcmds.sty (c:/texlive/2026/texmf-dist/tex/generic/infwarerr/infwarerr.sty))) (c:/texlive/2026/texmf-dist/tex/latex/hycolor/hycolor.sty) (c:/texlive/2026/texmf-dist/tex/latex/hyperref/nameref.sty (c:/texlive/2026/texmf-dist/tex/latex/refcount/refcount.sty) (c:/texlive/2026/texmf-dist/tex/generic/gettitlestring/gettitlestring.sty (c:/texlive/2026/texmf-dist/tex/latex/kvoptions/kvoptions.sty))) (c:/texlive/2026/texmf-dist/tex/latex/etoolbox/etoolbox.sty) (c:/texlive/2026/texmf-dist/tex/generic/stringenc/stringenc.sty) (c:/texlive/2026/texmf-dist/tex/latex/hyperref/pd1enc.def) (c:/texlive/2026/texmf-dist/tex/generic/intcalc/intcalc.sty) (c:/texlive/2026/texmf-dist/tex/latex/hyperref/puenc.def) (c:/texlive/2026/texmf-dist/tex/generic/bitset/bitset.sty (c:/texlive/2026/texmf-dist/tex/generic/bigintcalc/bigintcalc.sty))) (c:/texlive/2026/texmf-dist/tex/latex/hyperref/hpdftex.def (c:/texlive/2026/texmf-dist/tex/latex/rerunfilecheck/rerunfilecheck.sty (c:/texlive/2026/texmf-dist/tex/generic/uniquecounter/uniquecounter.sty))) (./Thesis.aux

LaTeX Warning: Label `fig:pipeline' multiply defined.

) (c:/texlive/2026/texmf-dist/tex/latex/caption/ltcaption.sty)

Package gensymb Warning: Not defining \perthousand.


Package gensymb Warning: Not defining \micro.

(c:/texlive/2026/texmf-dist/tex/context/base/mkii/supp-pdf.mkii
[Loading MPS to PDF converter (version 2006.09.02).]
) (c:/texlive/2026/texmf-dist/tex/latex/epstopdf-pkg/epstopdf-base.sty (c:/texlive/2026/texmf-dist/tex/latex/latexconfig/epstopdf-sys.cfg))
*geometry* driver: auto-detecting
*geometry* detected driver: pdftex
(./Thesis.out) (./Thesis.out) (c:/texlive/2026/texmf-dist/tex/latex/amsfonts/umsa.fd) (c:/texlive/2026/texmf-dist/tex/latex/amsfonts/umsb.fd) [1{c:/texlive/2026/texmf-var/fonts/map/pdftex/updmap/pdftex.map} <./src/uhhLogoL.pdf>]
Underfull \hbox (badness 10000) in paragraph at lines 287--288


Underfull \hbox (badness 10000) in paragraph at lines 295--296

[2] (./Thesis.toc [3]) (./ChapterContent.tex [1]
Chapter 1.
(./master_thesis_content/introduction/introduction.tex

Package hyperref Warning: Difference (2) between bookmark levels is greater 
(hyperref)                than one, level fixed on input line 5.

[2{c:/texlive/2026/texmf-dist/fonts/enc/dvips/cm-super/cm-super-ts1.enc}]
Overfull \hbox (10.78603pt too wide) in paragraph at lines 12--13
[]\OT1/cmr/m/n/12 Autonomous Prompt Gen-er-a-tion: SAM's re-liance on man-ual ge-o-met-ric prompts
) [3]
Chapter 2.
(./master_thesis_content/background/background_relatedwork.tex [4] [5] [6]) (./master_thesis_content/background/background_climatenet.tex [7]

LaTeX Warning: `h' float specifier changed to `ht'.


Underfull \vbox (badness 1701) has occurred while \output is active [8 <./graphics/background/data_distribution.png>]
Overfull \hbox (10.0605pt too wide) in paragraph at lines 85--87
 [][] 

Overfull \hbox (10.0605pt too wide) in paragraph at lines 91--93
 [][] 

Overfull \hbox (10.0605pt too wide) in paragraph at lines 99--101
 [][] 

Overfull \hbox (10.0605pt too wide) in paragraph at lines 105--107
 [][] 

LaTeX Warning: `!h' float specifier changed to `!ht'.

) (./master_thesis_content/background/background_sam.tex [9] [10 <./graphics/background/data_example_1.png> <./graphics/background/data_example_2.png> <./graphics/background/data_example_3.png> <./graphics/background/data_example_4.png>] [11 <./graphics/background/point_embedding.pdf>]

LaTeX Warning: `!h' float specifier changed to `!ht'.

[12 <./graphics/background/image_embedding.pdf>]
Underfull \vbox (badness 10000) has occurred while \output is active [13 <./graphics/background/decoder.pdf>]
Overfull \hbox (0.30443pt too wide) in paragraph at lines 80--81
\OT1/cmr/m/n/12 Our im-ple-men-ta-tion fo-cuses on in-ject-ing these adapters into the Trans-former blocks
[14]) (./master_thesis_content/background/background_metrics.tex

LaTeX Warning: Citation `56' on page 15 undefined on input line 3.


LaTeX Warning: Citation `68' on page 15 undefined on input line 3.


LaTeX Warning: Citation `54' on page 15 undefined on input line 3.


LaTeX Warning: Citation `76' on page 15 undefined on input line 3.


LaTeX Warning: Citation `56' on page 15 undefined on input line 3.


LaTeX Warning: Citation `76' on page 15 undefined on input line 3.


LaTeX Warning: Citation `72' on page 15 undefined on input line 5.


LaTeX Warning: Citation `255' on page 15 undefined on input line 5.


LaTeX Warning: Citation `166' on page 15 undefined on input line 5.


LaTeX Warning: Citation `166' on page 15 undefined on input line 8.


LaTeX Warning: Citation `166' on page 15 undefined on input line 15.


LaTeX Warning: Citation `166' on page 15 undefined on input line 16.


LaTeX Warning: Citation `166' on page 15 undefined on input line 17.

[15]

LaTeX Warning: Citation `166' on page 16 undefined on input line 18.


LaTeX Warning: Citation `166' on page 16 undefined on input line 30.


LaTeX Warning: Citation `166' on page 16 undefined on input line 31.


LaTeX Warning: Citation `255' on page 16 undefined on input line 31.


LaTeX Warning: Citation `68' on page 16 undefined on input line 32.


LaTeX Warning: Citation `166' on page 16 undefined on input line 32.


LaTeX Warning: Citation `166' on page 16 undefined on input line 33.


LaTeX Warning: Citation `166' on page 16 undefined on input line 51.

[16]

LaTeX Warning: Citation `389' on page 17 undefined on input line 67.


LaTeX Warning: Citation `383' on page 17 undefined on input line 67.


LaTeX Warning: Citation `162' on page 17 undefined on input line 67.


LaTeX Warning: Citation `383' on page 17 undefined on input line 67.


LaTeX Warning: Citation `389' on page 17 undefined on input line 67.


LaTeX Warning: Citation `166' on page 17 undefined on input line 67.


LaTeX Warning: Citation `389' on page 17 undefined on input line 67.


LaTeX Warning: Citation `207' on page 17 undefined on input line 69.


LaTeX Warning: Citation `255' on page 17 undefined on input line 69.


LaTeX Warning: Citation `56' on page 17 undefined on input line 69.

) [17]
Chapter 3.
(./master_thesis_content/approach/approach_pipeline.tex

LaTeX Warning: `!h' float specifier changed to `!ht'.

[18]
Overfull \hbox (11.89035pt too wide) in paragraph at lines 31--32
[]\OT1/cmr/m/n/12 During this stage, the model is trained un-der the as-sump-tion of ``per-fect prompts".
[19 <./graphics/approach/pipeline.pdf>]

LaTeX Warning: `!h' float specifier changed to `!ht'.

) (./master_thesis_content/approach/approach_model.tex

LaTeX Warning: `!h' float specifier changed to `!ht'.


Underfull \vbox (badness 10000) has occurred while \output is active [20 <./graphics/approach/prompt_pipeline-1.pdf>]
Underfull \vbox (badness 10000) has occurred while \output is active [21 <./graphics/approach/point_prompt.pdf> <./graphics/approach/noisy_mask.pdf>] [22 <./graphics/approach/token_based_overview.pdf> <./graphics/approach/token_based_detail.pdf>]

LaTeX Warning: `!h' float specifier changed to `!ht'.

) (./master_thesis_content/approach/approach_hp.tex [23 <./graphics/approach/lora_overview.png> <./graphics/approach/lora_detail.pdf>] [24 <./graphics/approach/prompter.pdf>]
Underfull \hbox (badness 4266) in paragraph at lines 32--32
[]\OT1/cmr/m/n/12 Balanced ap-proach for

Underfull \hbox (badness 1400) in paragraph at lines 32--32
[]\OT1/cmr/m/n/12 (0.99, 2.0), (0.99, 5.0),

Underfull \hbox (badness 10000) in paragraph at lines 32--32
[]\OT1/cmr/m/n/12 Combats the 257:1

Underfull \hbox (badness 1400) in paragraph at lines 32--32
[]\OT1/cmr/m/n/12 (0.80, 2.0), (0.85, 5.0),

Underfull \hbox (badness 10000) in paragraph at lines 32--32
[]\OT1/cmr/m/n/12 Addresses the 17:1

Underfull \hbox (badness 4266) in paragraph at lines 32--32
[]\OT1/cmr/m/n/12 Balanced ap-proach for

Underfull \hbox (badness 1400) in paragraph at lines 32--32
[]\OT1/cmr/m/n/12 (0.99, 2.0), (0.99, 5.0),

Underfull \hbox (badness 10000) in paragraph at lines 32--32
[]\OT1/cmr/m/n/12 Combats the 257:1

Underfull \hbox (badness 1400) in paragraph at lines 32--32
[]\OT1/cmr/m/n/12 (0.80, 2.0), (0.85, 5.0),

Underfull \hbox (badness 10000) in paragraph at lines 32--32
[]\OT1/cmr/m/n/12 Addresses the 17:1

LaTeX Warning: Citation `56' on page 25 undefined on input line 33.


LaTeX Warning: Citation `76' on page 25 undefined on input line 33.


LaTeX Warning: Citation `166' on page 25 undefined on input line 33.


LaTeX Warning: Citation `56' on page 25 undefined on input line 33.


LaTeX Warning: Citation `76' on page 25 undefined on input line 33.


LaTeX Warning: Citation `166' on page 25 undefined on input line 33.

) [25]
Chapter 4.
(./master_thesis_content/results/result_preliminary.tex

LaTeX Warning: `h' float specifier changed to `ht'.

[26] [27]
Overfull \hbox (35.29497pt too wide) in paragraph at lines 83--93
 [][] 
[28]) (./master_thesis_content/results/result_lora.tex [29]
Overfull \hbox (47.34134pt too wide) in paragraph at lines 29--39
 [][] 

Underfull \vbox (badness 1715) has occurred while \output is active [30 <./graphics/result/LORA_SING_AR.png> <./graphics/result/LORA_SINGLE_TC.png>]) (./master_thesis_content/results/result_token.tex) (./master_thesis_content/results/result_cgnet.tex) (./master_thesis_content/results/result_multiscaled.tex)) (./Thesis.bbl [31 <./graphics/result/lora_augmentation.png>] [32]
Underfull \hbox (badness 4048) in paragraph at lines 68--72
[]\OT1/cmr/m/n/12 Hong Kong Ob-ser-va-tory.  Why do trop-i-cal cy-clones al-ways form

Underfull \hbox (badness 2229) in paragraph at lines 68--72
\OT1/cmr/m/n/12 more than 5 de-grees of lat-i-tude away from the equa-tor?  []$\OT1/cmtt/m/n/12 https :

Underfull \hbox (badness 10000) in paragraph at lines 68--72
\OT1/cmtt/m/n/12 / / www . hko . gov . hk / en / education / tropical-[]cyclone / intensity /

Overfull \hbox (211.96161pt too wide) in paragraph at lines 68--72
\OT1/cmtt/m/n/12 00150-[]why-[]do-[]tropical-[]cyclones-[]always-[]form-[]more-[]than-[]5-[]degrees-[]of-[]latitude-[]away-[]from-[]the-[]equator .
[33]
Underfull \hbox (badness 6641) in paragraph at lines 113--117
[]\OT1/cmr/m/n/12 National Oceanic and At-mo-spheric Ad-min-is-tra-tion.  Trop-i-cal cy-

Underfull \hbox (badness 10000) in paragraph at lines 113--117
\OT1/cmr/m/n/12 clone in-tro-duc-tion.  []$\OT1/cmtt/m/n/12 https : / / www . noaa . gov / jetstream / tropical /
[34] [35]) [36] (./Thesis.aux)

LaTeX Warning: There were undefined references.


LaTeX Warning: There were multiply-defined labels.

 )
(see the transcript file for additional information)<c:/texlive/2026/texmf-dist/fonts/type1/public/amsfonts/cm/cmbx10.pfb><c:/texlive/2026/texmf-dist/fonts/type1/public/amsfonts/cm/cmbx12.pfb><c:/texlive/2026/texmf-dist/fonts/type1/public/amsfonts/cm/cmex10.pfb><c:/texlive/2026/texmf-dist/fonts/type1/public/amsfonts/cm/cmmi12.pfb><c:/texlive/2026/texmf-dist/fonts/type1/public/amsfonts/cm/cmmi8.pfb><c:/texlive/2026/texmf-dist/fonts/type1/public/amsfonts/cm/cmr12.pfb><c:/texlive/2026/texmf-dist/fonts/type1/public/amsfonts/cm/cmr8.pfb><c:/texlive/2026/texmf-dist/fonts/type1/public/amsfonts/cm/cmsy10.pfb><c:/texlive/2026/texmf-dist/fonts/type1/public/amsfonts/cm/cmsy8.pfb><c:/texlive/2026/texmf-dist/fonts/type1/public/amsfonts/cm/cmti12.pfb><c:/texlive/2026/texmf-dist/fonts/type1/public/amsfonts/cm/cmtt12.pfb><c:/texlive/2026/texmf-dist/fonts/type1/public/amsfonts/symbols/msbm10.pfb><c:/texlive/2026/texmf-dist/fonts/type1/public/cm-super/sfrm1200.pfb>
Output written on Thesis.pdf (39 pages, 3233581 bytes).
SyncTeX written on Thesis.synctex.gz.

Transcript written on Thesis.log.
Latexmk: Getting log file 'Thesis.log'
Latexmk: Examining 'Thesis.fls'
Latexmk: Examining 'Thesis.log'
Latexmk: Found input bbl file 'Thesis.bbl'
Latexmk: Log file says output to 'Thesis.pdf'
Latexmk: Using bibtex to make bibliography file(s).
  ===Source file 'Thesis.bbl' for 'pdflatex'
Latexmk: Found bibliography file(s):
  ./thesis.bib
Latexmk: Summary of warnings from last run of *latex:
  Latex found 1 multiply defined reference(s)
  Latex failed to resolve 37 citation(s)
Latexmk: Errors, in force_mode: so I tried finishing targets
Latexmk: ====Problematic refs and citations with line #s in .tex file:
  Label `fig:pipeline' multiply defined
  Citation `56' on page 15 undefined on input line 3
  Citation `68' on page 15 undefined on input line 3
  Citation `54' on page 15 undefined on input line 3
  Citation `76' on page 15 undefined on input line 3
  Citation `56' on page 15 undefined on input line 3
  Citation `76' on page 15 undefined on input line 3
 And 31 more --- see log file 'Thesis.log'
Collected error summary (may duplicate other messages):
  pdflatex: Command for 'pdflatex' gave return code 1
      Refer to 'Thesis.log' and/or above output for details

Reverting Windows console CPs to (in,out) = (437,437)
C:\texlive\2026\bin\windows\runscript.tlu:933: command failed with exit code 12:
perl.exe c:\texlive\2026\texmf-dist\scripts\latexmk\latexmk.pl -f -synctex=1 -interaction=nonstopmode -file-line-error -pdf -outdir=c:/Users/perrydebussy/Project/Study/masterarbeit/LATEX/Masterarbeit c:/Users/perrydebussy/Project/Study/masterarbeit/LATEX/Masterarbeit/Thesis
