\BOOKMARK [0][]{chapter.1}{\376\377\0001\000\040\000I\000n\000t\000r\000o\000d\000u\000c\000t\000i\000o\000n}{}% 1
\BOOKMARK [1][-]{subsection.1.0.1}{\376\377\0001\000.\0000\000.\0001\000\040\000A\000d\000a\000p\000t\000i\000n\000g\000\040\000S\000A\000M\000\040\000t\000o\000\040\000t\000h\000e\000\040\000C\000l\000i\000m\000a\000t\000e\000\040\000D\000o\000m\000a\000i\000n}{chapter.1}% 2
\BOOKMARK [2][-]{subsection.1.0.2}{\376\377\0001\000.\0000\000.\0002\000\040\000A\000i\000m\000\040\000o\000f\000\040\000t\000h\000e\000\040\000T\000h\000e\000s\000i\000s}{subsection.1.0.1}% 3
\BOOKMARK [0][]{chapter.2}{\376\377\0002\000\040\000B\000a\000c\000k\000g\000r\000o\000u\000n\000d}{}% 4
\BOOKMARK [1][-]{section.2.1}{\376\377\0002\000.\0001\000\040\000R\000e\000l\000a\000t\000e\000d\000\040\000w\000o\000r\000k}{chapter.2}% 5
\BOOKMARK [2][-]{subsection.2.1.1}{\376\377\0002\000.\0001\000.\0001\000\040\000A\000u\000t\000o\000m\000a\000t\000e\000d\000\040\000d\000e\000t\000e\000c\000t\000i\000o\000n\000\040\000o\000f\000\040\000a\000t\000m\000o\000s\000p\000h\000e\000r\000i\000c\000\040\000f\000e\000a\000t\000u\000r\000e\000s}{section.2.1}% 6
\BOOKMARK [2][-]{subsection.2.1.2}{\376\377\0002\000.\0001\000.\0002\000\040\000P\000a\000r\000a\000m\000e\000t\000e\000r\000-\000E\000f\000f\000i\000c\000i\000e\000n\000t\000\040\000T\000u\000n\000i\000n\000g}{section.2.1}% 7
\BOOKMARK [2][-]{subsection.2.1.3}{\376\377\0002\000.\0001\000.\0003\000\040\000P\000r\000o\000m\000p\000t\000\040\000G\000e\000n\000e\000r\000a\000t\000o\000r\000\040\000f\000o\000r\000\040\000S\000A\000M}{section.2.1}% 8
\BOOKMARK [1][-]{section.2.2}{\376\377\0002\000.\0002\000\040\000C\000l\000i\000m\000a\000t\000e\000N\000e\000t\000\040\000D\000a\000t\000a\000s\000e\000t}{chapter.2}% 9
\BOOKMARK [2][-]{subsection.2.2.1}{\376\377\0002\000.\0002\000.\0001\000\040\000D\000a\000t\000a\000s\000e\000t\000\040\000S\000t\000a\000t\000i\000s\000t\000i\000c\000s}{section.2.2}% 10
\BOOKMARK [2][-]{subsection.2.2.2}{\376\377\0002\000.\0002\000.\0002\000\040\000G\000e\000o\000g\000r\000a\000p\000h\000i\000c\000a\000l\000\040\000F\000e\000a\000t\000u\000r\000e\000s\000\040\000a\000n\000d\000\040\000C\000o\000n\000s\000t\000r\000a\000i\000n\000t}{section.2.2}% 11
\BOOKMARK [1][-]{section.2.3}{\376\377\0002\000.\0003\000\040\000S\000e\000g\000m\000e\000n\000t\000\040\000A\000n\000y\000t\000h\000i\000n\000g\000\040\000M\000o\000d\000e\000l}{chapter.2}% 12
\BOOKMARK [2][-]{subsection.2.3.1}{\376\377\0002\000.\0003\000.\0001\000\040\000G\000e\000o\000m\000e\000t\000r\000i\000c\000\040\000P\000r\000o\000m\000p\000t\000s}{section.2.3}% 13
\BOOKMARK [2][-]{subsection.2.3.2}{\376\377\0002\000.\0003\000.\0002\000\040\000P\000r\000o\000m\000p\000t\000\040\000E\000m\000b\000e\000d\000d\000i\000n\000g\000s}{section.2.3}% 14
\BOOKMARK [2][-]{subsection.2.3.3}{\376\377\0002\000.\0003\000.\0003\000\040\000I\000m\000a\000g\000e\000\040\000E\000m\000b\000e\000d\000d\000i\000n\000g\000s}{section.2.3}% 15
\BOOKMARK [2][-]{subsection.2.3.4}{\376\377\0002\000.\0003\000.\0004\000\040\000D\000e\000c\000o\000d\000e\000r}{section.2.3}% 16
\BOOKMARK [1][-]{section.2.4}{\376\377\0002\000.\0004\000\040\000M\000e\000t\000r\000i\000c\000s}{chapter.2}% 17
\BOOKMARK [2][-]{subsection.2.4.1}{\376\377\0002\000.\0004\000.\0001\000\040\000L\000o\000s\000s\000\040\000F\000u\000n\000c\000t\000i\000o\000n\000s}{section.2.4}% 18
\BOOKMARK [0][]{chapter.3}{\376\377\0003\000\040\000A\000p\000p\000r\000o\000a\000c\000h}{}% 19
\BOOKMARK [1][-]{section.3.1}{\376\377\0003\000.\0001\000\040\000P\000i\000p\000e\000l\000i\000n\000e}{chapter.3}% 20
\BOOKMARK [1][-]{section.3.2}{\376\377\0003\000.\0002\000\040\000D\000a\000t\000a\000s\000e\000t\000\040\000P\000r\000e\000p\000a\000r\000a\000t\000i\000o\000n}{chapter.3}% 21
\BOOKMARK [1][-]{section.3.3}{\376\377\0003\000.\0003\000\040\000A\000r\000c\000h\000i\000t\000e\000c\000t\000u\000r\000e\000s}{chapter.3}% 22
\BOOKMARK [2][-]{subsection.3.3.1}{\376\377\0003\000.\0003\000.\0001\000\040\000I\000n\000p\000u\000t\000\040\000A\000d\000a\000p\000t\000e\000r}{section.3.3}% 23
\BOOKMARK [2][-]{subsection.3.3.2}{\376\377\0003\000.\0003\000.\0002\000\040\000E\000n\000c\000o\000d\000e\000r\000\040\000A\000d\000a\000p\000t\000e\000r}{section.3.3}% 24
\BOOKMARK [2][-]{subsection.3.3.3}{\376\377\0003\000.\0003\000.\0003\000\040\000A\000u\000t\000o\000m\000a\000t\000i\000c\000\040\000P\000r\000o\000m\000p\000t\000\040\000G\000e\000n\000e\000r\000a\000t\000o\000r}{section.3.3}% 25
\BOOKMARK [1][-]{section.3.4}{\376\377\0003\000.\0004\000\040\000H\000y\000p\000e\000r\000p\000a\000r\000a\000m\000e\000t\000e\000r\000\040\000O\000p\000t\000i\000m\000i\000s\000a\000t\000i\000o\000n}{chapter.3}% 26
\BOOKMARK [2][-]{subsection.3.4.1}{\376\377\0003\000.\0004\000.\0001\000\040\000L\000o\000s\000s\000\040\000F\000u\000n\000c\000t\000i\000o\000n}{section.3.4}% 27
\BOOKMARK [2][-]{subsection.3.4.2}{\376\377\0003\000.\0004\000.\0002\000\040\000S\000p\000a\000t\000i\000a\000l\000\040\000L\000a\000b\000e\000l\000\040\000S\000m\000o\000o\000t\000h\000i\000n\000g}{section.3.4}% 28
\BOOKMARK [1][-]{section.3.5}{\376\377\0003\000.\0005\000\040\000M\000e\000t\000r\000i\000c\000s}{chapter.3}% 29
\BOOKMARK [0][]{chapter.4}{\376\377\0004\000\040\000R\000e\000s\000u\000l\000t}{}% 30
\BOOKMARK [1][-]{section.4.1}{\376\377\0004\000.\0001\000\040\000P\000r\000e\000l\000i\000m\000i\000n\000a\000r\000y\000\040\000R\000e\000s\000u\000l\000t}{chapter.4}% 31
\BOOKMARK [2][-]{subsection.4.1.1}{\376\377\0004\000.\0001\000.\0001\000\040\000L\000o\000s\000s\000\040\000F\000u\000n\000c\000t\000i\000o\000n\000\040\000H\000y\000p\000e\000r\000p\000a\000r\000a\000m\000e\000t\000e\000r\000\040\000O\000p\000t\000i\000m\000i\000z\000a\000t\000i\000o\000n\000\040\000R\000e\000s\000u\000l\000t\000s}{section.4.1}% 32
\BOOKMARK [2][-]{subsection.4.1.2}{\376\377\0004\000.\0001\000.\0002\000\040\000L\000a\000b\000e\000l\000\040\000S\000m\000o\000o\000t\000h\000i\000n\000g}{section.4.1}% 33
\BOOKMARK [1][-]{section.4.2}{\376\377\0004\000.\0002\000\040\000A\000d\000a\000p\000t\000\040\000S\000A\000M\000\040\000t\000o\000\040\000C\000l\000i\000m\000a\000t\000e\000N\000e\000t}{chapter.4}% 34
\BOOKMARK [2][-]{subsection.4.2.1}{\376\377\0004\000.\0002\000.\0001\000\040\000L\000o\000r\000a}{section.4.2}% 35
\BOOKMARK [2][-]{subsection.4.2.2}{\376\377\0004\000.\0002\000.\0002\000\040\000T\000o\000k\000e\000n\000-\000b\000a\000s\000e\000d}{section.4.2}% 36
\BOOKMARK [1][-]{section.4.3}{\376\377\0004\000.\0003\000\040\000A\000u\000t\000o\000m\000a\000t\000i\000c\000\040\000P\000r\000o\000m\000p\000t\000\040\000G\000e\000n\000e\000r\000a\000t\000o\000r\000\040\000f\000o\000r\000\040\000S\000A\000M}{chapter.4}% 37
\BOOKMARK [2][-]{subsection.4.3.1}{\376\377\0004\000.\0003\000.\0001\000\040\000S\000A\000M\000\040\000w\000i\000t\000h\000\040\000C\000G\000N\000e\000t\000\040\000a\000s\000\040\000h\000e\000l\000p\000e\000r}{section.4.3}% 38
\BOOKMARK [2][-]{subsection.4.3.2}{\376\377\0004\000.\0003\000.\0002\000\040\000S\000A\000M\000\040\000w\000i\000t\000h\000\040\000m\000u\000l\000t\000i\000-\000s\000c\000a\000l\000e\000\040\000f\000e\000a\000t\000u\000r\000e\000\040\000i\000n\000f\000u\000s\000i\000o\000n}{section.4.3}% 39
\BOOKMARK [0][]{chapter.5}{\376\377\0005\000\040\000D\000i\000s\000c\000u\000s\000s\000i\000o\000n}{}% 40
\BOOKMARK [0][]{section*.76}{\376\377\000B\000i\000b\000l\000i\000o\000g\000r\000a\000p\000h\000y}{}% 41
