This is pdfTeX, Version 3.141592653-2.6-1.40.29 (TeX Live 2026) (preloaded format=pdflatex 2026.3.30)  30 MAR 2026 18:54
entering extended mode
 restricted \write18 enabled.
 file:line:error style messages enabled.
 %&-line parsing enabled.
**c:/Users/perrydebussy/Project/Study/masterarbeit/LATEX/Masterarbeit/Thesis.tex
(c:/Users/perrydebussy/Project/Study/masterarbeit/LATEX/Masterarbeit/Thesis.tex
LaTeX2e <2025-11-01>
L3 programming layer <2026-01-19>
(c:/texlive/2026/texmf-dist/tex/latex/base/report.cls
Document Class: report 2025/01/22 v1.4n Standard LaTeX document class
(c:/texlive/2026/texmf-dist/tex/latex/base/size12.clo
File: size12.clo 2025/01/22 v1.4n Standard LaTeX file (size option)
)
\c@part=\count275
\c@chapter=\count276
\c@section=\count277
\c@subsection=\count278
\c@subsubsection=\count279
\c@paragraph=\count280
\c@subparagraph=\count281
\c@figure=\count282
\c@table=\count283
\abovecaptionskip=\skip49
\belowcaptionskip=\skip50
\bibindent=\dimen148
) (c:/texlive/2026/texmf-dist/tex/latex/base/inputenc.sty
Package: inputenc 2024/02/08 v1.3d Input encoding file
\inpenc@prehook=\toks17
\inpenc@posthook=\toks18
) (c:/texlive/2026/texmf-dist/tex/generic/babel/babel.sty
Package: babel 2026/03/24 v26.5 The multilingual framework for LuaLaTeX, pdfLaTeX and XeLaTeX
\babel@savecnt=\count284
LaTeX Encoding Info:    Redeclaring text command \ij (encoding OT1) on input line 2078.
LaTeX Encoding Info:    Redeclaring text command \IJ (encoding OT1) on input line 2080.
LaTeX Encoding Info:    Redeclaring text command \ij (encoding T1) on input line 2082.
LaTeX Encoding Info:    Redeclaring text command \IJ (encoding T1) on input line 2083.
LaTeX Encoding Info:    Ignoring declaration for text command \ij (encoding ?) on input line 2084.
LaTeX Encoding Info:    Ignoring declaration for text command \IJ (encoding ?) on input line 2086.
LaTeX Encoding Info:    Ignoring declaration for text command \SS (encoding ?) on input line 2111.
\U@D=\dimen149
\l@unhyphenated=\language91
 (c:/texlive/2026/texmf-dist/tex/generic/babel/txtbabel.def)
\bbl@readstream=\read2
\bbl@dirlevel=\count285
 (c:/texlive/2026/texmf-dist/tex/generic/babel/locale/en/babel-english.tex)
Package babel Info: Importing font and identification data for english
(babel)             from babel-en.ini. Reported on input line 4330.
 (c:/texlive/2026/texmf-dist/tex/generic/babel-english/english.ldf
Language: english 2017/06/06 v3.3r English support from the babel system
Package babel Info: Hyphen rules for 'canadian' set to \l@english
(babel)             (\language0). Reported on input line 102.
Package babel Info: Hyphen rules for 'australian' set to \l@ukenglish
(babel)             (\language22). Reported on input line 105.
Package babel Info: Hyphen rules for 'newzealand' set to \l@ukenglish
(babel)             (\language22). Reported on input line 108.
)) (c:/texlive/2026/texmf-dist/tex/latex/caption/caption.sty
Package: caption 2023/08/05 v3.6o Customizing captions (AR)
 (c:/texlive/2026/texmf-dist/tex/latex/caption/caption3.sty
Package: caption3 2023/07/31 v2.4d caption3 kernel (AR)
 (c:/texlive/2026/texmf-dist/tex/latex/graphics/keyval.sty
Package: keyval 2022/05/29 v1.15 key=value parser (DPC)
\KV@toks@=\toks19
)
\caption@tempdima=\dimen150
\captionmargin=\dimen151
\caption@leftmargin=\dimen152
\caption@rightmargin=\dimen153
\caption@width=\dimen154
\caption@indent=\dimen155
\caption@parindent=\dimen156
\caption@hangindent=\dimen157
Package caption Info: Standard document class detected.
)
\c@caption@flags=\count286
\c@continuedfloat=\count287
) (c:/texlive/2026/texmf-dist/tex/latex/wrapfig/wrapfig.sty
\wrapoverhang=\dimen158
\WF@size=\dimen159
\c@WF@wrappedlines=\count288
\WF@box=\box53
\WF@everypar=\toks20
Package: wrapfig 2003/01/31  v 3.6
) (c:/texlive/2026/texmf-dist/tex/latex/listings/listings.sty
\lst@mode=\count289
\lst@gtempboxa=\box54
\lst@token=\toks21
\lst@length=\count290
\lst@currlwidth=\dimen160
\lst@column=\count291
\lst@pos=\count292
\lst@lostspace=\dimen161
\lst@width=\dimen162
\lst@newlines=\count293
\lst@lineno=\count294
\lst@maxwidth=\dimen163
 (c:/texlive/2026/texmf-dist/tex/latex/listings/lstpatch.sty
File: lstpatch.sty 2025/11/14 1.11b (Carsten Heinz)
) (c:/texlive/2026/texmf-dist/tex/latex/listings/lstmisc.sty
File: lstmisc.sty 2025/11/14 1.11b (Carsten Heinz)
\c@lstnumber=\count295
\lst@skipnumbers=\count296
\lst@framebox=\box55
) (c:/texlive/2026/texmf-dist/tex/latex/listings/listings.cfg
File: listings.cfg 2025/11/14 1.11b listings configuration
))
Package: listings 2025/11/14 1.11b (Carsten Heinz)

==> First Aid for listings.sty no longer applied!
    Expected:
        2024/09/23 1.10c (Carsten Heinz)
    but found:
        2025/11/14 1.11b (Carsten Heinz)
    so I'm assuming it got fixed.
(c:/texlive/2026/texmf-dist/tex/latex/gensymb/gensymb.sty
Package: gensymb 2022/10/17 v1.0.2 (KJH)
) (c:/texlive/2026/texmf-dist/tex/latex/makecell/makecell.sty
Package: makecell 2009/08/03 V0.1e Managing of Tab Column Heads and Cells
 (c:/texlive/2026/texmf-dist/tex/latex/tools/array.sty
Package: array 2025/09/25 v2.6n Tabular extension package (FMi)
\col@sep=\dimen164
\ar@mcellbox=\box56
\extrarowheight=\dimen165
\NC@list=\toks22
\extratabsurround=\skip51
\backup@length=\skip52
\ar@cellbox=\box57
)
\rotheadsize=\dimen166
\c@nlinenum=\count297
\TeXr@lab=\toks23
) (c:/texlive/2026/texmf-dist/tex/latex/acronym/acronym.sty
Package: acronym 2025/01/17 v1.50 Support for acronyms (Tobias Oetiker)
 (c:/texlive/2026/texmf-dist/tex/latex/bigfoot/suffix.sty
Package: suffix 2006/07/15 1.5a Variant command support
) (c:/texlive/2026/texmf-dist/tex/generic/xstring/xstring.sty (c:/texlive/2026/texmf-dist/tex/generic/xstring/xstring.tex
\xs_counta=\count298
\xs_countb=\count299
)
Package: xstring 2023/08/22 v1.86 String manipulations (CT)
)
\AC@clearlist=\toks24
) (c:/texlive/2026/texmf-dist/tex/latex/algorithms/algorithm.sty
Package: algorithm 2009/08/24 v0.1 Document Style `algorithm' - floating environment
 (c:/texlive/2026/texmf-dist/tex/latex/float/float.sty
Package: float 2001/11/08 v1.3d Float enhancements (AL)
\c@float@type=\count300
\float@exts=\toks25
\float@box=\box58
\@float@everytoks=\toks26
\@floatcapt=\box59
) (c:/texlive/2026/texmf-dist/tex/latex/base/ifthen.sty
Package: ifthen 2024/03/16 v1.1e Standard LaTeX ifthen package (DPC)
)
\@float@every@algorithm=\toks27
\c@algorithm=\count301
) (c:/texlive/2026/texmf-dist/tex/latex/algorithmicx/algcompatible.sty
Package: algcompatible 
 (c:/texlive/2026/texmf-dist/tex/latex/algorithmicx/algorithmicx.sty
Package: algorithmicx 2005/04/27 v1.2 Algorithmicx

Document Style algorithmicx 1.2 - a greatly improved `algorithmic' style
\c@ALG@line=\count302
\c@ALG@rem=\count303
\c@ALG@nested=\count304
\ALG@tlm=\skip53
\ALG@thistlm=\skip54
\c@ALG@Lnr=\count305
\c@ALG@blocknr=\count306
\c@ALG@storecount=\count307
\c@ALG@tmpcounter=\count308
\ALG@tmplength=\skip55
)
Document Style - algorithmic compatible environments for the `algorithmicx' style
) (c:/texlive/2026/texmf-dist/tex/latex/algorithmicx/algpseudocode.sty
Package: algpseudocode 

Document Style - pseudocode environments for use with the `algorithmicx' style
) (c:/texlive/2026/texmf-dist/tex/latex/amsfonts/amsfonts.sty
Package: amsfonts 2013/01/14 v3.01 Basic AMSFonts support
\@emptytoks=\toks28
\symAMSa=\mathgroup4
\symAMSb=\mathgroup5
LaTeX Font Info:    Redeclaring math symbol \hbar on input line 98.
LaTeX Font Info:    Overwriting math alphabet `\mathfrak' in version `bold'
(Font)                  U/euf/m/n --> U/euf/b/n on input line 106.
) (c:/texlive/2026/texmf-dist/tex/latex/amsmath/amsmath.sty
Package: amsmath 2025/07/09 v2.17z AMS math features
\@mathmargin=\skip56

For additional information on amsmath, use the `?' option.
(c:/texlive/2026/texmf-dist/tex/latex/amsmath/amstext.sty
Package: amstext 2024/11/17 v2.01 AMS text
 (c:/texlive/2026/texmf-dist/tex/latex/amsmath/amsgen.sty
File: amsgen.sty 1999/11/30 v2.0 generic functions
\@emptytoks=\toks29
\ex@=\dimen167
)) (c:/texlive/2026/texmf-dist/tex/latex/amsmath/amsbsy.sty
Package: amsbsy 1999/11/29 v1.2d Bold Symbols
\pmbraise@=\dimen168
) (c:/texlive/2026/texmf-dist/tex/latex/amsmath/amsopn.sty
Package: amsopn 2022/04/08 v2.04 operator names
)
\inf@bad=\count309
LaTeX Info: Redefining \frac on input line 233.
\uproot@=\count310
\leftroot@=\count311
LaTeX Info: Redefining \overline on input line 398.
LaTeX Info: Redefining \colon on input line 409.
\classnum@=\count312
\DOTSCASE@=\count313
LaTeX Info: Redefining \ldots on input line 495.
LaTeX Info: Redefining \dots on input line 498.
LaTeX Info: Redefining \cdots on input line 619.
\Mathstrutbox@=\box60
\strutbox@=\box61
LaTeX Info: Redefining \big on input line 721.
LaTeX Info: Redefining \Big on input line 722.
LaTeX Info: Redefining \bigg on input line 723.
LaTeX Info: Redefining \Bigg on input line 724.
\big@size=\dimen169
LaTeX Font Info:    Redeclaring font encoding OML on input line 742.
LaTeX Font Info:    Redeclaring font encoding OMS on input line 743.
\macc@depth=\count314
LaTeX Info: Redefining \bmod on input line 904.
LaTeX Info: Redefining \pmod on input line 909.
LaTeX Info: Redefining \smash on input line 939.
LaTeX Info: Redefining \relbar on input line 969.
LaTeX Info: Redefining \Relbar on input line 970.
\c@MaxMatrixCols=\count315
\dotsspace@=\muskip17
\c@parentequation=\count316
\dspbrk@lvl=\count317
\tag@help=\toks30
\row@=\count318
\column@=\count319
\maxfields@=\count320
\andhelp@=\toks31
\eqnshift@=\dimen170
\alignsep@=\dimen171
\tagshift@=\dimen172
\tagwidth@=\dimen173
\totwidth@=\dimen174
\lineht@=\dimen175
\@envbody=\toks32
\multlinegap=\skip57
\multlinetaggap=\skip58
\mathdisplay@stack=\toks33
LaTeX Info: Redefining \[ on input line 2950.
LaTeX Info: Redefining \] on input line 2951.
) (c:/texlive/2026/texmf-dist/tex/latex/amsfonts/amssymb.sty
Package: amssymb 2013/01/14 v3.01 AMS font symbols
) (c:/texlive/2026/texmf-dist/tex/latex/amscls/amsthm.sty
Package: amsthm 2020/05/29 v2.20.6
\thm@style=\toks34
\thm@bodyfont=\toks35
\thm@headfont=\toks36
\thm@notefont=\toks37
\thm@headpunct=\toks38
\thm@preskip=\skip59
\thm@postskip=\skip60
\thm@headsep=\skip61
\dth@everypar=\toks39
) (c:/texlive/2026/texmf-dist/tex/latex/tabularray/tabularray.sty
Package: tabularray 2025-11-27 v2025C Typeset tabulars and arrays with LaTeX3
\g__tblr_nohyper_int=\count321
\l__tblr_a_int=\count322
\l__tblr_c_int=\count323
\l__tblr_r_int=\count324
\l__tblr_d_dim=\dimen176
\l__tblr_h_dim=\dimen177
\l__tblr_o_dim=\dimen178
\l__tblr_p_dim=\dimen179
\l__tblr_q_dim=\dimen180
\l__tblr_r_dim=\dimen181
\l__tblr_s_dim=\dimen182
\l__tblr_t_dim=\dimen183
\l__tblr_v_dim=\dimen184
\l__tblr_w_dim=\dimen185
\l__tblr_a_box=\box62
\l__tblr_b_box=\box63
\l__tblr_c_box=\box64
\l__tblr_d_box=\box65
\c@tblrcount=\count325
\c@rownum=\count326
\c@colnum=\count327
\c@rowcount=\count328
\c@colcount=\count329
\abovesep=\dimen186
\belowsep=\dimen187
\leftsep=\dimen188
\rightsep=\dimen189
\gTblrLevelInt=\count330
\g__tblr_data_row_key_count_int=\count331
\g__tblr_data_column_key_count_int=\count332
\g__tblr_data_cell_key_count_int=\count333
\g__tblr_array_int=\count334
\l__tblr_key_count_int=\count335
\l__tblr_key_quotient_int=\count336
\l__tblr_key_quotient_two_int=\count337
\l__tblr_key_remainder_int=\count338
\g__tblr_data_str_value_count_int=\count339
\lTblrChildTotalInt=\count340
\lTblrChildHtotalInt=\count341
\lTblrChildVtotalInt=\count342
\l__child_diff_h_int=\count343
\l__child_diff_v_int=\count344
\l__child_sign_h_int=\count345
\l__child_sign_v_int=\count346
\l__child_step_int=\count347
\lTblrDefaultHruleWidthDim=\dimen190
\lTblrDefaultVruleWidthDim=\dimen191
\l__tblr_split_balance_int=\count348
\l__tblr_strut_dp_dim=\dimen192
\l__tblr_strut_ht_dim=\dimen193
\g__tblr_cell_wd_dim=\dimen194
\g__tblr_cell_ht_dim=\dimen195
\g__tblr_cell_head_dim=\dimen196
\g__tblr_cell_foot_dim=\dimen197
\l__tblr_measured_cell_box=\box66
\g__tblr_last_box=\box67
\l__tblr_temp_box=\box68
\l__tblr_column_target_dim=\dimen198
\l__tblr_hfuzz_dim=\dimen199
\l__tblr_caption_box=\box69
\l__tblr_caption_left_box=\box70
\lTblrRowHeadInt=\count349
\lTblrRowFootInt=\count350
\l__tblr_row_head_box=\box71
\l__tblr_row_foot_box=\box72
\l__tblr_row_head_foot_dim=\dimen256
\lTblrTableWidthDim=\dimen257
\l__tblr_table_firsthead_box=\box73
\l__tblr_table_middlehead_box=\box74
\l__tblr_table_lasthead_box=\box75
\l__tblr_table_firstfoot_box=\box76
\l__tblr_table_middlefoot_box=\box77
\l__tblr_table_lastfoot_box=\box78
\l__tblr_remain_height_dim=\dimen258
\l__tblr_next_rows_dim=\dimen259
\l__tblr_page_overfill_dim=\dimen260
\l__tblr_long_from_int=\count351
\l__tblr_long_to_int=\count352
\l__tblr_curr_i_int=\count353
\l__tblr_prev_i_int=\count354
\lTblrTablePageInt=\count355
\l__tblr_table_head_box=\box79
\l__tblr_table_foot_box=\box80
\l__tblr_table_head_foot_dim=\dimen261
\l__tblr_table_head_body_foot_dim=\dimen262
\l__tblr_table_box=\box81
\lTblrRowFirstInt=\count356
\lTblrRowLastInt=\count357
\l__tblr_cover_box_a_dim=\dimen263
\l__tblr_cover_box_b_dim=\dimen264
\l__tblr_table_hlines_box=\box82
\l__tblr_hline_box=\box83
\l__tblr_row_box=\box84
\l__tblr_col_o_wd_dim=\dimen265
\l__tblr_col_b_wd_dim=\dimen266
\l__tblr_hline_leftskip_dim=\dimen267
\l__tblr_hline_rightskip_dim=\dimen268
\l__tblr_row_ht_dim=\dimen269
\l__tblr_row_dp_dim=\dimen270
\l__tblr_row_abovesep_dim=\dimen271
\l__tblr_row_belowsep_dim=\dimen272
\l__tblr_row_vlines_box=\box85
\l__tblr_vline_box=\box86
\l__tblr_cell_box=\box87
\l__tblr_row_upper_dim=\dimen273
\l__tblr_row_lower_dim=\dimen274
\l__tblr_row_vpace_dim=\dimen275
\l__tblr_vline_aboveskip_dim=\dimen276
\l__tblr_vline_belowskip_dim=\dimen277
\lTblrCellRowSpanInt=\count358
\lTblrCellColSpanInt=\count359
\l__tblr_cell_wd_dim=\dimen278
\l__tblr_cell_ht_dim=\dimen279
\lTblrCellAboveBorderWidthDim=\dimen280
\lTblrCellBelowBorderWidthDim=\dimen281
\lTblrCellLeftBorderWidthDim=\dimen282
\lTblrCellRightBorderWidthDim=\dimen283
\l__tblr_diag_box=\box88
\l__tblr_cell_inner_wd_dim=\dimen284
\l__tblr_cell_inner_dp_dim=\dimen285
\l__tblr_cell_hanchor_dim=\dimen286
\l__tblr_last_cell_table_ht_dim=\dimen287
\l__tblr_last_cell_table_dp_dim=\dimen288
\l__tblr_last_vline_wd_dim=\dimen289
\l__tblr_tikz_node_box=\box89
) (c:/texlive/2026/texmf-dist/tex/latex/booktabs/booktabs.sty
Package: booktabs 2020/01/12 v1.61803398 Publication quality tables
\heavyrulewidth=\dimen290
\lightrulewidth=\dimen291
\cmidrulewidth=\dimen292
\belowrulesep=\dimen293
\belowbottomsep=\dimen294
\aboverulesep=\dimen295
\abovetopsep=\dimen296
\cmidrulesep=\dimen297
\cmidrulekern=\dimen298
\defaultaddspace=\dimen299
\@cmidla=\count360
\@cmidlb=\count361
\@aboverulesep=\dimen300
\@belowrulesep=\dimen301
\@thisruleclass=\count362
\@lastruleclass=\count363
\@thisrulewidth=\dimen302
) (c:/texlive/2026/texmf-dist/tex/latex/graphics/color.sty
Package: color 2025/01/14 v1.3e Standard LaTeX Color (DPC)
 (c:/texlive/2026/texmf-dist/tex/latex/graphics-cfg/color.cfg
File: color.cfg 2016/01/02 v1.6 sample color configuration
)
Package color Info: Driver file: pdftex.def on input line 149.
 (c:/texlive/2026/texmf-dist/tex/latex/graphics-def/pdftex.def
File: pdftex.def 2025/09/29 v1.2d Graphics/color driver for pdftex
) (c:/texlive/2026/texmf-dist/tex/latex/graphics/mathcolor.ltx)) (c:/texlive/2026/texmf-dist/tex/latex/fancybox/fancybox.sty
Package: fancybox 2010/05/15 1.4

Style option: `fancybox' v1.4 <2010/05/15> (tvz)
\@fancybox=\box90
\shadowsize=\dimen303
\@Sbox=\box91
\do@VerbBox=\toks40
\the@fancyput=\toks41
\this@fancyput=\toks42
\EndVerbatimTokens=\toks43
\Verbatim@Outfile=\write3
\Verbatim@Infile=\read3
) (c:/texlive/2026/texmf-dist/tex/latex/fancyhdr/fancyhdr.sty
Package: fancyhdr 2025/02/07 v5.2 Extensive control of page headers and footers
\f@nch@headwidth=\skip62
\f@nch@offset@elh=\skip63
\f@nch@offset@erh=\skip64
\f@nch@offset@olh=\skip65
\f@nch@offset@orh=\skip66
\f@nch@offset@elf=\skip67
\f@nch@offset@erf=\skip68
\f@nch@offset@olf=\skip69
\f@nch@offset@orf=\skip70
\f@nch@height=\skip71
\f@nch@footalignment=\skip72
\f@nch@widthL=\skip73
\f@nch@widthC=\skip74
\f@nch@widthR=\skip75
\@temptokenb=\toks44
) (c:/texlive/2026/texmf-dist/tex/latex/geometry/geometry.sty
Package: geometry 2026/03/07 v6.0 Page Geometry
 (c:/texlive/2026/texmf-dist/tex/generic/iftex/ifvtex.sty
Package: ifvtex 2019/10/25 v1.7 ifvtex legacy package. Use iftex instead.
 (c:/texlive/2026/texmf-dist/tex/generic/iftex/iftex.sty
Package: iftex 2024/12/12 v1.0g TeX engine tests
))
\Gm@cnth=\count364
\Gm@cntv=\count365
\c@Gm@tempcnt=\count366
\Gm@bindingoffset=\dimen304
\Gm@wd@mp=\dimen305
\Gm@odd@mp=\dimen306
\Gm@even@mp=\dimen307
\Gm@layoutwidth=\dimen308
\Gm@layoutheight=\dimen309
\Gm@layouthoffset=\dimen310
\Gm@layoutvoffset=\dimen311
\Gm@dimlist=\toks45
) (c:/texlive/2026/texmf-dist/tex/latex/graphics/graphicx.sty
Package: graphicx 2024/12/31 v1.2e Enhanced LaTeX Graphics (DPC,SPQR)
 (c:/texlive/2026/texmf-dist/tex/latex/graphics/graphics.sty
Package: graphics 2024/08/06 v1.4g Standard LaTeX Graphics (DPC,SPQR)
 (c:/texlive/2026/texmf-dist/tex/latex/graphics/trig.sty
Package: trig 2023/12/02 v1.11 sin cos tan (DPC)
) (c:/texlive/2026/texmf-dist/tex/latex/graphics-cfg/graphics.cfg
File: graphics.cfg 2016/06/04 v1.11 sample graphics configuration
)
Package graphics Info: Driver file: pdftex.def on input line 106.
)
\Gin@req@height=\dimen312
\Gin@req@width=\dimen313
) (c:/texlive/2026/texmf-dist/tex/latex/tools/longtable.sty
Package: longtable 2025-10-13 v4.24 Multi-page Table package (DPC)
\LTleft=\skip76
\LTright=\skip77
\LTpre=\skip78
\LTpost=\skip79
\LTchunksize=\count367
\LTcapwidth=\dimen314
\LT@head=\box92
\LT@firsthead=\box93
\LT@foot=\box94
\LT@lastfoot=\box95
\LT@gbox=\box96
\LT@cols=\count368
\LT@rows=\count369
\c@LT@tables=\count370
\c@LT@chunks=\count371
\LT@p@ftn=\toks46
) (c:/texlive/2026/texmf-dist/tex/latex/xcolor/xcolor.sty
Package: xcolor 2024/09/29 v3.02 LaTeX color extensions (UK)
 (c:/texlive/2026/texmf-dist/tex/latex/graphics-cfg/color.cfg
File: color.cfg 2016/01/02 v1.6 sample color configuration
)
Package xcolor Info: Driver file: pdftex.def on input line 274.
LaTeX Info: Redefining \color on input line 762.
 (c:/texlive/2026/texmf-dist/tex/latex/graphics/mathcolor.ltx)
Package xcolor Info: Model `cmy' substituted by `cmy0' on input line 1349.
Package xcolor Info: Model `hsb' substituted by `rgb' on input line 1353.
Package xcolor Info: Model `RGB' extended on input line 1365.
Package xcolor Info: Model `HTML' substituted by `rgb' on input line 1367.
Package xcolor Info: Model `Hsb' substituted by `hsb' on input line 1368.
Package xcolor Info: Model `tHsb' substituted by `hsb' on input line 1369.
Package xcolor Info: Model `HSB' substituted by `hsb' on input line 1370.
Package xcolor Info: Model `Gray' substituted by `gray' on input line 1371.
Package xcolor Info: Model `wave' substituted by `hsb' on input line 1372.
) (c:/texlive/2026/texmf-dist/tex/latex/ninecolors/ninecolors.sty
Package: ninecolors 2022-02-13 v2022D Select colors with proper color contrast
 (c:/texlive/2026/texmf-dist/tex/latex/l3packages/xparse/xparse.sty (c:/texlive/2026/texmf-dist/tex/latex/l3kernel/expl3.sty
Package: expl3 2026-01-19 L3 programming layer (loader) 
 (c:/texlive/2026/texmf-dist/tex/latex/l3backend/l3backend-pdftex.def
File: l3backend-pdftex.def 2025-10-09 L3 backend support: PDF output (pdfTeX)
\l__color_backend_stack_int=\count372
))
Package: xparse 2025-10-09 L3 Experimental document command parser
)) (c:/texlive/2026/texmf-dist/tex/latex/tools/multicol.sty
Package: multicol 2025/10/21 v2.0b multicolumn formatting (FMi)
\c@tracingmulticols=\count373
\mult@box=\box97
\multicol@leftmargin=\dimen315
\c@unbalance=\count374
\c@collectmore=\count375
\doublecol@number=\count376
\multicoltolerance=\count377
\multicolpretolerance=\count378
\full@width=\dimen316
\page@free=\dimen317
\premulticols=\dimen318
\postmulticols=\dimen319
\multicolsep=\skip80
\multicolbaselineskip=\skip81
\partial@page=\box98
\last@line=\box99
\mc@boxedresult=\box100
\maxbalancingoverflow=\dimen320
\mult@rightbox=\box101
\mult@grightbox=\box102
\mult@firstbox=\box103
\mult@gfirstbox=\box104
\@tempa=\box105
\@tempa=\box106
\@tempa=\box107
\@tempa=\box108
\@tempa=\box109
\@tempa=\box110
\@tempa=\box111
\@tempa=\box112
\@tempa=\box113
\@tempa=\box114
\@tempa=\box115
\@tempa=\box116
\@tempa=\box117
\@tempa=\box118
\@tempa=\box119
\@tempa=\box120
\@tempa=\box121
\@tempa=\box122
\@tempa=\box123
\@tempa=\box124
\@tempa=\box125
\@tempa=\box126
\@tempa=\box127
\@tempa=\box128
\@tempa=\box129
\@tempa=\box130
\@tempa=\box131
\@tempa=\box132
\@tempa=\box133
\@tempa=\box134
\@tempa=\box135
\@tempa=\box136
\@tempa=\box137
\@tempa=\box138
\@tempa=\box139
\@tempa=\box140
\c@minrows=\count379
\c@columnbadness=\count380
\c@finalcolumnbadness=\count381
\last@try=\dimen321
\multicolovershoot=\dimen322
\multicolundershoot=\dimen323
\mult@nat@firstbox=\box141
\colbreak@box=\box142
\mc@col@check@num=\count382
\g__mc_curr_col_int=\count383
) (c:/texlive/2026/texmf-dist/tex/latex/multirow/multirow.sty
Package: multirow 2024/11/12 v2.9 Span multiple rows of a table
\multirow@colwidth=\skip82
\multirow@cntb=\count384
\multirow@dima=\skip83
\bigstrutjot=\dimen324
) (c:/texlive/2026/texmf-dist/tex/latex/graphics/rotating.sty
Package: rotating 2025/01/14 v2.16e rotated objects in LaTeX
\c@r@tfl@t=\count385
\rotFPtop=\skip84
\rotFPbot=\skip85
\rot@float@box=\box143
\rot@mess@toks=\toks47
) (c:/texlive/2026/texmf-dist/tex/latex/subfig/subfig.sty
Package: subfig 2005/06/28 ver: 1.3 subfig package
\c@KVtest=\count386
\sf@farskip=\skip86
\sf@captopadj=\dimen325
\sf@capskip=\skip87
\sf@nearskip=\skip88
\c@subfigure=\count387
\c@subfigure@save=\count388
\c@lofdepth=\count389
\c@subtable=\count390
\c@subtable@save=\count391
\c@lotdepth=\count392
\sf@top=\skip89
\sf@bottom=\skip90
) (c:/texlive/2026/texmf-dist/tex/latex/url/url.sty
\Urlmuskip=\muskip18
Package: url 2013/09/16  ver 3.4  Verb mode for urls, etc.
) (c:/texlive/2026/texmf-dist/tex/latex/tools/xspace.sty
Package: xspace 2014/10/28 v1.13 Space after command names (DPC,MH)
) (c:/texlive/2026/texmf-dist/tex/latex/boxedminipage/boxedminipage.sty
Package: boxedminipage 2020/04/19 v1.1 Boxed LaTeX2e minipages
\bmp@box=\box144
\bmp@width=\skip91
\bmp@height=\skip92
) (c:/texlive/2026/texmf-dist/tex/latex/hyperref/hyperref.sty
Package: hyperref 2026-01-29 v7.01p Hypertext links for LaTeX
 (c:/texlive/2026/texmf-dist/tex/latex/kvsetkeys/kvsetkeys.sty
Package: kvsetkeys 2022-10-05 v1.19 Key value parser (HO)
) (c:/texlive/2026/texmf-dist/tex/generic/kvdefinekeys/kvdefinekeys.sty
Package: kvdefinekeys 2019-12-19 v1.6 Define keys (HO)
) (c:/texlive/2026/texmf-dist/tex/generic/pdfescape/pdfescape.sty
Package: pdfescape 2019/12/09 v1.15 Implements pdfTeX's escape features (HO)
 (c:/texlive/2026/texmf-dist/tex/generic/ltxcmds/ltxcmds.sty
Package: ltxcmds 2023-12-04 v1.26 LaTeX kernel commands for general use (HO)
) (c:/texlive/2026/texmf-dist/tex/generic/pdftexcmds/pdftexcmds.sty
Package: pdftexcmds 2020-06-27 v0.33 Utility functions of pdfTeX for LuaTeX (HO)
 (c:/texlive/2026/texmf-dist/tex/generic/infwarerr/infwarerr.sty
Package: infwarerr 2019/12/03 v1.5 Providing info/warning/error messages (HO)
)
Package pdftexcmds Info: \pdf@primitive is available.
Package pdftexcmds Info: \pdf@ifprimitive is available.
Package pdftexcmds Info: \pdfdraftmode found.
)) (c:/texlive/2026/texmf-dist/tex/latex/hycolor/hycolor.sty
Package: hycolor 2020-01-27 v1.10 Color options for hyperref/bookmark (HO)
) (c:/texlive/2026/texmf-dist/tex/latex/hyperref/nameref.sty
Package: nameref 2026-01-29 v2.58 Cross-referencing by name of section
 (c:/texlive/2026/texmf-dist/tex/latex/refcount/refcount.sty
Package: refcount 2019/12/15 v3.6 Data extraction from label references (HO)
) (c:/texlive/2026/texmf-dist/tex/generic/gettitlestring/gettitlestring.sty
Package: gettitlestring 2019/12/15 v1.6 Cleanup title references (HO)
 (c:/texlive/2026/texmf-dist/tex/latex/kvoptions/kvoptions.sty
Package: kvoptions 2022-06-15 v3.15 Key value format for package options (HO)
))
\c@section@level=\count393
) (c:/texlive/2026/texmf-dist/tex/latex/etoolbox/etoolbox.sty
Package: etoolbox 2025/10/02 v2.5m e-TeX tools for LaTeX (JAW)
\etb@tempcnta=\count394
) (c:/texlive/2026/texmf-dist/tex/generic/stringenc/stringenc.sty
Package: stringenc 2019/11/29 v1.12 Convert strings between diff. encodings (HO)
)
\@linkdim=\dimen326
\Hy@linkcounter=\count395
\Hy@pagecounter=\count396
 (c:/texlive/2026/texmf-dist/tex/latex/hyperref/pd1enc.def
File: pd1enc.def 2026-01-29 v7.01p Hyperref: PDFDocEncoding definition (HO)
Now handling font encoding PD1 ...
... no UTF-8 mapping file for font encoding PD1
) (c:/texlive/2026/texmf-dist/tex/generic/intcalc/intcalc.sty
Package: intcalc 2019/12/15 v1.3 Expandable calculations with integers (HO)
)
\Hy@SavedSpaceFactor=\count397
 (c:/texlive/2026/texmf-dist/tex/latex/hyperref/puenc.def
File: puenc.def 2026-01-29 v7.01p Hyperref: PDF Unicode definition (HO)
Now handling font encoding PU ...
... no UTF-8 mapping file for font encoding PU
)
Package hyperref Info: Option `final' set `true' on input line 4072.
Package hyperref Info: Option `colorlinks' set `false' on input line 4072.
Package hyperref Info: Option `bookmarks' set `true' on input line 4072.
Package hyperref Info: Option `bookmarksopen' set `true' on input line 4072.
Package hyperref Info: Option `bookmarksnumbered' set `true' on input line 4072.
Package hyperref Info: Option `plainpages' set `false' on input line 4072.
Package hyperref Info: Hyper figures OFF on input line 4201.
Package hyperref Info: Link nesting OFF on input line 4206.
Package hyperref Info: Hyper index ON on input line 4209.
Package hyperref Info: Plain pages OFF on input line 4216.
Package hyperref Info: Backreferencing OFF on input line 4221.
Package hyperref Info: Implicit mode ON; LaTeX internals redefined.
Package hyperref Info: Bookmarks ON on input line 4468.
\c@Hy@tempcnt=\count398
LaTeX Info: Redefining \url on input line 4807.
\XeTeXLinkMargin=\dimen327
 (c:/texlive/2026/texmf-dist/tex/generic/bitset/bitset.sty
Package: bitset 2019/12/09 v1.3 Handle bit-vector datatype (HO)
 (c:/texlive/2026/texmf-dist/tex/generic/bigintcalc/bigintcalc.sty
Package: bigintcalc 2019/12/15 v1.5 Expandable calculations on big integers (HO)
))
\Fld@menulength=\count399
\Field@Width=\dimen328
\Fld@charsize=\dimen329
Package hyperref Info: Hyper figures OFF on input line 6084.
Package hyperref Info: Link nesting OFF on input line 6089.
Package hyperref Info: Hyper index ON on input line 6092.
Package hyperref Info: backreferencing OFF on input line 6099.
Package hyperref Info: Link coloring OFF on input line 6104.
Package hyperref Info: Link coloring with OCG OFF on input line 6109.
Package hyperref Info: PDF/A mode OFF on input line 6114.
\Hy@abspage=\count400
\c@Item=\count401
\c@Hfootnote=\count402
)
Package hyperref Info: Driver (autodetected): hpdftex.
 (c:/texlive/2026/texmf-dist/tex/latex/hyperref/hpdftex.def
File: hpdftex.def 2026-01-29 v7.01p Hyperref driver for pdfTeX
\Fld@listcount=\count403
\c@bookmark@seq@number=\count404
 (c:/texlive/2026/texmf-dist/tex/latex/rerunfilecheck/rerunfilecheck.sty
Package: rerunfilecheck 2025-06-21 v1.11 Rerun checks for auxiliary files (HO)
 (c:/texlive/2026/texmf-dist/tex/generic/uniquecounter/uniquecounter.sty
Package: uniquecounter 2019/12/15 v1.4 Provide unlimited unique counter (HO)
)
Package uniquecounter Info: New unique counter `rerunfilecheck' on input line 284.
)
\Hy@SectionHShift=\skip93
)
\c@theorem=\count405
\c@axiom=\count406
\c@definition=\count407
 (./Thesis.aux)
\openout1 = `Thesis.aux'.

LaTeX Font Info:    Checking defaults for OML/cmm/m/it on input line 212.
LaTeX Font Info:    ... okay on input line 212.
LaTeX Font Info:    Checking defaults for OMS/cmsy/m/n on input line 212.
LaTeX Font Info:    ... okay on input line 212.
LaTeX Font Info:    Checking defaults for OT1/cmr/m/n on input line 212.
LaTeX Font Info:    ... okay on input line 212.
LaTeX Font Info:    Checking defaults for T1/cmr/m/n on input line 212.
LaTeX Font Info:    ... okay on input line 212.
LaTeX Font Info:    Checking defaults for TS1/cmr/m/n on input line 212.
LaTeX Font Info:    ... okay on input line 212.
LaTeX Font Info:    Checking defaults for OMX/cmex/m/n on input line 212.
LaTeX Font Info:    ... okay on input line 212.
LaTeX Font Info:    Checking defaults for U/cmr/m/n on input line 212.
LaTeX Font Info:    ... okay on input line 212.
LaTeX Font Info:    Checking defaults for PD1/pdf/m/n on input line 212.
LaTeX Font Info:    ... okay on input line 212.
LaTeX Font Info:    Checking defaults for PU/pdf/m/n on input line 212.
LaTeX Font Info:    ... okay on input line 212.
Package caption Info: Begin \AtBeginDocument code.
Package caption Info: subfig package v1.3 is loaded.
Package caption Info: float package is loaded.
Package caption Info: hyperref package is loaded.
Package caption Info: listings package is loaded.
Package caption Info: longtable package is loaded.
 (c:/texlive/2026/texmf-dist/tex/latex/caption/ltcaption.sty
Package: ltcaption 2021/01/08 v1.4c longtable captions (AR)
)
Package caption Info: rotating package is loaded.
Package caption Info: wrapfig package is loaded.
Package caption Info: End \AtBeginDocument code.
\c@lstlisting=\count408
LaTeX Info: Redefining \celsius on input line 212.
Package gensymb Info: Faking symbols for \degree and \celsius on input line 212.


Package gensymb Warning: Not defining \perthousand.

LaTeX Info: Redefining \ohm on input line 212.
Package gensymb Info: Using \Omega for \ohm on input line 212.

Package gensymb Warning: Not defining \micro.

(c:/texlive/2026/texmf-dist/tex/context/base/mkii/supp-pdf.mkii
[Loading MPS to PDF converter (version 2006.09.02).]
\scratchcounter=\count409
\scratchdimen=\dimen330
\scratchbox=\box145
\nofMPsegments=\count410
\nofMParguments=\count411
\everyMPshowfont=\toks48
\MPscratchCnt=\count412
\MPscratchDim=\dimen331
\MPnumerator=\count413
\makeMPintoPDFobject=\count414
\everyMPtoPDFconversion=\toks49
) (c:/texlive/2026/texmf-dist/tex/latex/epstopdf-pkg/epstopdf-base.sty
Package: epstopdf-base 2020-01-24 v2.11 Base part for package epstopdf
Package epstopdf-base Info: Redefining graphics rule for `.eps' on input line 485.
 (c:/texlive/2026/texmf-dist/tex/latex/latexconfig/epstopdf-sys.cfg
File: epstopdf-sys.cfg 2010/07/13 v1.3 Configuration of (r)epstopdf for TeX Live
))
*geometry* driver: auto-detecting
*geometry* detected driver: pdftex
*geometry* verbose mode - [ preamble ] result:
* driver: pdftex
* paper: a4paper
* layout: <same size as paper>
* layoutoffset:(h,v)=(0.0pt,0.0pt)
* modes: twoside 
* h-part:(L,W,R)=(89.17065pt, 419.16621pt, 89.171pt)
* v-part:(T,H,B)=(77.84674pt, 650.43pt, 116.77011pt)
* \paperwidth=597.50787pt
* \paperheight=845.04684pt
* \textwidth=419.16621pt
* \textheight=650.43pt
* \oddsidemargin=16.90067pt
* \evensidemargin=16.90102pt
* \topmargin=-31.42325pt
* \headheight=12.0pt
* \headsep=25.0pt
* \topskip=12.0pt
* \footskip=30.0pt
* \marginparwidth=95.0pt
* \marginparsep=10.0pt
* \columnsep=10.0pt
* \skip\footins=10.8pt plus 4.0pt minus 2.0pt
* \hoffset=0.0pt
* \voffset=0.0pt
* \mag=1000
* \@twocolumnfalse
* \@twosidetrue
* \@mparswitchtrue
* \@reversemarginfalse
* (1in=72.27pt=25.4mm, 1cm=28.453pt)

Package hyperref Info: Link coloring OFF on input line 212.
(./Thesis.out) (./Thesis.out)
\@outlinefile=\write4
\openout4 = `Thesis.out'.

<./src/uhhLogoL.pdf, id=168, 486.81876pt x 158.5925pt>
File: ./src/uhhLogoL.pdf Graphic file (type pdf)
<use ./src/uhhLogoL.pdf>
Package pdftex.def Info: ./src/uhhLogoL.pdf  used on input line 226.
(pdftex.def)             Requested size: 190.63345pt x 62.10248pt.
LaTeX Font Info:    Trying to load font information for U+msa on input line 258.
 (c:/texlive/2026/texmf-dist/tex/latex/amsfonts/umsa.fd
File: umsa.fd 2013/01/14 v3.01 AMS symbols A
)
LaTeX Font Info:    Trying to load font information for U+msb on input line 258.
 (c:/texlive/2026/texmf-dist/tex/latex/amsfonts/umsb.fd
File: umsb.fd 2013/01/14 v3.01 AMS symbols B
) [1

{c:/texlive/2026/texmf-var/fonts/map/pdftex/updmap/pdftex.map} <./src/uhhLogoL.pdf>]
Underfull \hbox (badness 10000) in paragraph at lines 287--288

 []


Underfull \hbox (badness 10000) in paragraph at lines 295--296

 []

[2] (./Thesis.toc [3


])
\tf@toc=\write5
\openout5 = `Thesis.toc'.

 (./ChapterContent.tex [1]
Chapter 1.
(./master_thesis_content/introduction/introduction.tex

Package hyperref Warning: Difference (2) between bookmark levels is greater 
(hyperref)                than one, level fixed on input line 5.

[2

{c:/texlive/2026/texmf-dist/fonts/enc/dvips/cm-super/cm-super-ts1.enc}]
Overfull \hbox (10.78603pt too wide) in paragraph at lines 12--13
[]\OT1/cmr/m/n/12 Autonomous Prompt Gen-er-a-tion: SAM's re-liance on man-ual ge-o-met-ric prompts
 []

) [3]
Chapter 2.
(./master_thesis_content/background/background_relatedwork.tex [4

] [5] [6]) (./master_thesis_content/background/background_climatenet.tex [7]
<graphics/background/data_distribution.png, id=370, 593.3367pt x 217.5327pt>
File: graphics/background/data_distribution.png Graphic file (type png)
<use graphics/background/data_distribution.png>
Package pdftex.def Info: graphics/background/data_distribution.png  used on input line 41.
(pdftex.def)             Requested size: 419.16621pt x 153.68253pt.


LaTeX Warning: `h' float specifier changed to `ht'.


Underfull \vbox (badness 1701) has occurred while \output is active []

 [8 <./graphics/background/data_distribution.png>]
<graphics/background/data_example_1.png, id=385, 711.8595pt x 348.3414pt>
File: graphics/background/data_example_1.png Graphic file (type png)
<use graphics/background/data_example_1.png>
Package pdftex.def Info: graphics/background/data_example_1.png  used on input line 85.
(pdftex.def)             Requested size: 211.25848pt x 103.37639pt.

Overfull \hbox (10.0605pt too wide) in paragraph at lines 85--87
 [][] 
 []

<graphics/background/data_example_2.png, id=386, 711.8595pt x 348.3414pt>
File: graphics/background/data_example_2.png Graphic file (type png)
<use graphics/background/data_example_2.png>
Package pdftex.def Info: graphics/background/data_example_2.png  used on input line 91.
(pdftex.def)             Requested size: 211.25848pt x 103.37639pt.

Overfull \hbox (10.0605pt too wide) in paragraph at lines 91--93
 [][] 
 []

<graphics/background/data_example_3.png, id=387, 711.8595pt x 348.3414pt>
File: graphics/background/data_example_3.png Graphic file (type png)
<use graphics/background/data_example_3.png>
Package pdftex.def Info: graphics/background/data_example_3.png  used on input line 99.
(pdftex.def)             Requested size: 211.25848pt x 103.37639pt.

Overfull \hbox (10.0605pt too wide) in paragraph at lines 99--101
 [][] 
 []

<graphics/background/data_example_4.png, id=388, 711.8595pt x 348.3414pt>
File: graphics/background/data_example_4.png Graphic file (type png)
<use graphics/background/data_example_4.png>
Package pdftex.def Info: graphics/background/data_example_4.png  used on input line 105.
(pdftex.def)             Requested size: 211.25848pt x 103.37639pt.

Overfull \hbox (10.0605pt too wide) in paragraph at lines 105--107
 [][] 
 []


LaTeX Warning: `!h' float specifier changed to `!ht'.

) (./master_thesis_content/background/background_sam.tex [9]
<graphics/background/point_embedding.pdf, id=398, 427.5975pt x 225.7233pt>
File: graphics/background/point_embedding.pdf Graphic file (type pdf)
<use graphics/background/point_embedding.pdf>
Package pdftex.def Info: graphics/background/point_embedding.pdf  used on input line 18.
(pdftex.def)             Requested size: 419.16621pt x 221.27275pt.
 [10 <./graphics/background/data_example_1.png> <./graphics/background/data_example_2.png> <./graphics/background/data_example_3.png> <./graphics/background/data_example_4.png>] [11 <./graphics/background/point_embedding.pdf>]
<graphics/background/image_embedding.pdf, id=431, 537.92969pt x 304.2567pt>
File: graphics/background/image_embedding.pdf Graphic file (type pdf)
<use graphics/background/image_embedding.pdf>
Package pdftex.def Info: graphics/background/image_embedding.pdf  used on input line 44.
(pdftex.def)             Requested size: 419.16621pt x 237.09178pt.
<graphics/background/decoder.pdf, id=433, 572.1375pt x 734.745pt>
File: graphics/background/decoder.pdf Graphic file (type pdf)
<use graphics/background/decoder.pdf>
Package pdftex.def Info: graphics/background/decoder.pdf  used on input line 58.
(pdftex.def)             Requested size: 419.16621pt x 538.29893pt.


LaTeX Warning: `!h' float specifier changed to `!ht'.

[12 <./graphics/background/image_embedding.pdf>]
Underfull \vbox (badness 10000) has occurred while \output is active []

 [13 <./graphics/background/decoder.pdf>]
Overfull \hbox (0.30443pt too wide) in paragraph at lines 80--81
\OT1/cmr/m/n/12 Our im-ple-men-ta-tion fo-cuses on in-ject-ing these adapters into the Trans-former blocks
 []

[14]) (./master_thesis_content/background/background_metrics.tex [15] [16]) [17]
Chapter 3.
(./master_thesis_content/approach/approach_pipeline.tex
<graphics/approach/pipeline.pdf, id=510, 593.3367pt x 588.27782pt>
File: graphics/approach/pipeline.pdf Graphic file (type pdf)
<use graphics/approach/pipeline.pdf>
Package pdftex.def Info: graphics/approach/pipeline.pdf  used on input line 16.
(pdftex.def)             Requested size: 419.16621pt x 415.60661pt.


LaTeX Warning: `!h' float specifier changed to `!ht'.

[18

]
Overfull \hbox (11.89035pt too wide) in paragraph at lines 31--32
[]\OT1/cmr/m/n/12 During this stage, the model is trained un-der the as-sump-tion of ``per-fect prompts".
 []

[19 <./graphics/approach/pipeline.pdf>]
<graphics/approach/prompt_pipeline-1.pdf, id=548, 416.5161pt x 187.66109pt>
File: graphics/approach/prompt_pipeline-1.pdf Graphic file (type pdf)
<use graphics/approach/prompt_pipeline-1.pdf>
Package pdftex.def Info: graphics/approach/prompt_pipeline-1.pdf  used on input line 49.
(pdftex.def)             Requested size: 502.99817pt x 226.6325pt.
<graphics/approach/point_prompt.pdf, id=549, 181.6386pt x 129.6042pt>
File: graphics/approach/point_prompt.pdf Graphic file (type pdf)
<use graphics/approach/point_prompt.pdf>
Package pdftex.def Info: graphics/approach/point_prompt.pdf  used on input line 59.
(pdftex.def)             Requested size: 293.41507pt x 209.37424pt.
<graphics/approach/noisy_mask.pdf, id=550, 280.1667pt x 135.6267pt>
File: graphics/approach/noisy_mask.pdf Graphic file (type pdf)
<use graphics/approach/noisy_mask.pdf>
Package pdftex.def Info: graphics/approach/noisy_mask.pdf  used on input line 68.
(pdftex.def)             Requested size: 419.16621pt x 202.92215pt.


LaTeX Warning: `!h' float specifier changed to `!ht'.

) (./master_thesis_content/approach/approach_model.tex
<graphics/approach/token_based_overview.pdf, id=551, 334.3692pt x 419.64778pt>
File: graphics/approach/token_based_overview.pdf Graphic file (type pdf)
<use graphics/approach/token_based_overview.pdf>
Package pdftex.def Info: graphics/approach/token_based_overview.pdf  used on input line 9.
(pdftex.def)             Requested size: 188.6235pt x 236.73645pt.
<graphics/approach/token_based_detail.pdf, id=552, 331.2375pt x 291.00719pt>
File: graphics/approach/token_based_detail.pdf Graphic file (type pdf)
<use graphics/approach/token_based_detail.pdf>
Package pdftex.def Info: graphics/approach/token_based_detail.pdf  used on input line 15.
(pdftex.def)             Requested size: 188.6235pt x 165.71152pt.


LaTeX Warning: `!h' float specifier changed to `!ht'.


Underfull \vbox (badness 10000) has occurred while \output is active []

 [20 <./graphics/approach/prompt_pipeline-1.pdf>]
Underfull \vbox (badness 10000) has occurred while \output is active []

 [21 <./graphics/approach/point_prompt.pdf> <./graphics/approach/noisy_mask.pdf>] [22 <./graphics/approach/token_based_overview.pdf> <./graphics/approach/token_based_detail.pdf>]
<graphics/approach/lora_overview.pdf, id=684, 146.4672pt x 344.2461pt>
File: graphics/approach/lora_overview.pdf Graphic file (type pdf)
<use graphics/approach/lora_overview.pdf>
Package pdftex.def Info: graphics/approach/lora_overview.pdf  used on input line 47.
(pdftex.def)             Requested size: 209.5831pt x 492.6306pt.
<graphics/approach/lora_detail.pdf, id=685, 130.5678pt x 136.5903pt>
File: graphics/approach/lora_detail.pdf Graphic file (type pdf)
<use graphics/approach/lora_detail.pdf>
Package pdftex.def Info: graphics/approach/lora_detail.pdf  used on input line 53.
(pdftex.def)             Requested size: 188.6235pt x 197.3297pt.
<graphics/approach/prompter.pdf, id=686, 801.95605pt x 587.3142pt>
File: graphics/approach/prompter.pdf Graphic file (type pdf)
<use graphics/approach/prompter.pdf>
Package pdftex.def Info: graphics/approach/prompter.pdf  used on input line 70.
(pdftex.def)             Requested size: 502.99817pt x 368.37888pt.
 [23 <./graphics/approach/lora_overview.pdf> <./graphics/approach/lora_detail.pdf>]) (./master_thesis_content/approach/approach_hp.tex [24 <./graphics/approach/prompter.pdf>]
Underfull \hbox (badness 4266) in paragraph at lines 32--32
[]\OT1/cmr/m/n/12 Balanced ap-proach for
 []


Underfull \hbox (badness 1400) in paragraph at lines 32--32
[]\OT1/cmr/m/n/12 (0.99, 2.0), (0.99, 5.0),
 []


Underfull \hbox (badness 10000) in paragraph at lines 32--32
[]\OT1/cmr/m/n/12 Combats the 257:1
 []


Underfull \hbox (badness 1400) in paragraph at lines 32--32
[]\OT1/cmr/m/n/12 (0.80, 2.0), (0.85, 5.0),
 []


Underfull \hbox (badness 10000) in paragraph at lines 32--32
[]\OT1/cmr/m/n/12 Addresses the 17:1
 []


Underfull \hbox (badness 4266) in paragraph at lines 32--32
[]\OT1/cmr/m/n/12 Balanced ap-proach for
 []


Underfull \hbox (badness 1400) in paragraph at lines 32--32
[]\OT1/cmr/m/n/12 (0.99, 2.0), (0.99, 5.0),
 []


Underfull \hbox (badness 10000) in paragraph at lines 32--32
[]\OT1/cmr/m/n/12 Combats the 257:1
 []


Underfull \hbox (badness 1400) in paragraph at lines 32--32
[]\OT1/cmr/m/n/12 (0.80, 2.0), (0.85, 5.0),
 []


Underfull \hbox (badness 10000) in paragraph at lines 32--32
[]\OT1/cmr/m/n/12 Addresses the 17:1
 []

) [25] [26]
Chapter 4.
(./master_thesis_content/results/result_preliminary.tex

LaTeX Warning: `h' float specifier changed to `ht'.

[27

] [28]
Overfull \hbox (35.29497pt too wide) in paragraph at lines 83--93
 [][] 
 []

[29]) (./master_thesis_content/results/result_lora.tex [30]
Overfull \hbox (47.34134pt too wide) in paragraph at lines 29--39
 [][] 
 []

<graphics/result/LORA_SING_AR.png, id=811, 1193.45876pt x 1193.45876pt>
File: graphics/result/LORA_SING_AR.png Graphic file (type png)
<use graphics/result/LORA_SING_AR.png>
Package pdftex.def Info: graphics/result/LORA_SING_AR.png  used on input line 51.
(pdftex.def)             Requested size: 188.6235pt x 188.60812pt.
<graphics/result/LORA_SINGLE_TC.png, id=812, 1193.45876pt x 1193.45876pt>
File: graphics/result/LORA_SINGLE_TC.png Graphic file (type png)
<use graphics/result/LORA_SINGLE_TC.png>
Package pdftex.def Info: graphics/result/LORA_SINGLE_TC.png  used on input line 57.
(pdftex.def)             Requested size: 188.6235pt x 188.60812pt.
<graphics/result/lora_augmentation.png, id=814, 2271.48625pt x 1193.45876pt>
File: graphics/result/lora_augmentation.png Graphic file (type png)
<use graphics/result/lora_augmentation.png>
Package pdftex.def Info: graphics/result/lora_augmentation.png  used on input line 68.
(pdftex.def)             Requested size: 335.33424pt x 176.18843pt.

Underfull \vbox (badness 1715) has occurred while \output is active []

 [31 <./graphics/result/LORA_SING_AR.png> <./graphics/result/LORA_SINGLE_TC.png>]) (./master_thesis_content/results/result_token.tex) (./master_thesis_content/results/result_cgnet.tex) (./master_thesis_content/results/result_multiscaled.tex)) (./Thesis.bbl [32 <./graphics/result/lora_augmentation.png>] [33

]
Underfull \hbox (badness 4048) in paragraph at lines 68--72
[]\OT1/cmr/m/n/12 Hong Kong Ob-ser-va-tory.  Why do trop-i-cal cy-clones al-ways form
 []


Underfull \hbox (badness 2229) in paragraph at lines 68--72
\OT1/cmr/m/n/12 more than 5 de-grees of lat-i-tude away from the equa-tor?  []$\OT1/cmtt/m/n/12 https :
 []


Underfull \hbox (badness 10000) in paragraph at lines 68--72
\OT1/cmtt/m/n/12 / / www . hko . gov . hk / en / education / tropical-[]cyclone / intensity /
 []


Overfull \hbox (211.96161pt too wide) in paragraph at lines 68--72
\OT1/cmtt/m/n/12 00150-[]why-[]do-[]tropical-[]cyclones-[]always-[]form-[]more-[]than-[]5-[]degrees-[]of-[]latitude-[]away-[]from-[]the-[]equator .
 []

[34]
Underfull \hbox (badness 6641) in paragraph at lines 113--117
[]\OT1/cmr/m/n/12 National Oceanic and At-mo-spheric Ad-min-is-tra-tion.  Trop-i-cal cy-
 []


Underfull \hbox (badness 10000) in paragraph at lines 113--117
\OT1/cmr/m/n/12 clone in-tro-duc-tion.  []$\OT1/cmtt/m/n/12 https : / / www . noaa . gov / jetstream / tropical /
 []

[35] [36]) [37] [38

] (./Thesis.aux)
 ***********
LaTeX2e <2025-11-01>
L3 programming layer <2026-01-19>
 ***********
Package rerunfilecheck Info: File `Thesis.out' has not changed.
(rerunfilecheck)             Checksum: B4E791984195AB09EF6E254BEA962282;7397.
 ) 
Here is how much of TeX's memory you used:
 20889 strings out of 467525
 363013 string characters out of 5423209
 806102 words of memory out of 5000000
 49293 multiletter control sequences out of 15000+600000
 637956 words of font info for 79 fonts, out of 8000000 for 9000
 1142 hyphenation exceptions out of 8191
 83i,16n,102p,1641b,787s stack positions out of 10000i,1000n,20000p,200000b,200000s
<c:/texlive/2026/texmf-dist/fonts/type1/public/amsfonts/cm/cmbx10.pfb><c:/texlive/2026/texmf-dist/fonts/type1/public/amsfonts/cm/cmbx12.pfb><c:/texlive/2026/texmf-dist/fonts/type1/public/amsfonts/cm/cmex10.pfb><c:/texlive/2026/texmf-dist/fonts/type1/public/amsfonts/cm/cmmi12.pfb><c:/texlive/2026/texmf-dist/fonts/type1/public/amsfonts/cm/cmmi8.pfb><c:/texlive/2026/texmf-dist/fonts/type1/public/amsfonts/cm/cmr12.pfb><c:/texlive/2026/texmf-dist/fonts/type1/public/amsfonts/cm/cmr8.pfb><c:/texlive/2026/texmf-dist/fonts/type1/public/amsfonts/cm/cmsy10.pfb><c:/texlive/2026/texmf-dist/fonts/type1/public/amsfonts/cm/cmsy8.pfb><c:/texlive/2026/texmf-dist/fonts/type1/public/amsfonts/cm/cmti12.pfb><c:/texlive/2026/texmf-dist/fonts/type1/public/amsfonts/cm/cmtt12.pfb><c:/texlive/2026/texmf-dist/fonts/type1/public/amsfonts/symbols/msbm10.pfb><c:/texlive/2026/texmf-dist/fonts/type1/public/cm-super/sfrm1200.pfb>
Output written on Thesis.pdf (41 pages, 3631753 bytes).
PDF statistics:
 966 PDF objects out of 1000 (max. 8388607)
 743 compressed objects within 8 object streams
 188 named destinations out of 1000 (max. 500000)
 434 words of extra memory for PDF output out of 10000 (max. 10000000)

